[2017-10-19 21:03:31,071] [DEBUG] [PRODUCER-youku]page:1:crawling...http://api.2m.vc/caij/inc/youku.php?ac=videolist&pg=1&h=
[2017-10-19 21:03:31,454] [INFO] [CONSUMER-1][国产剧]仙剑云之凡...新加入库，成功。
[2017-10-19 21:03:31,457] [INFO] [CONSUMER-2][港台剧]琥珀青龙...新加入库，成功。
[2017-10-19 21:03:31,461] [INFO] [CONSUMER-3][港台剧]一剑镇神州...新加入库，成功。
[2017-10-19 21:03:31,506] [INFO] [CONSUMER-4]新包青天...新增加播放组(youku) 入库成功,
[2017-10-19 21:03:31,509] [INFO] [CONSUMER-5]大好时光...新增加播放组(youku) 入库成功,
[2017-10-19 21:03:31,528] [INFO] [CONSUMER-6][港台剧]圣剑飞鹰...新加入库，成功。
[2017-10-19 21:03:31,532] [INFO] [CONSUMER-7]诛仙青云志...新增加播放组(youku) 入库成功,
[2017-10-19 21:03:31,535] [INFO] [CONSUMER-8][国产剧]仙剑奇侠传 第三部...新加入库，成功。
[2017-10-19 21:03:31,539] [INFO] [CONSUMER-9][国产剧]飞刀又见飞刀 刘恺威版...新加入库，成功。
[2017-10-19 21:03:31,542] [INFO] [CONSUMER-10]继承人...新增加播放组(youku) 入库成功,
[2017-10-19 21:03:31,546] [INFO] [CONSUMER-11][国产剧]欢乐颂...新加入库，成功。
[2017-10-19 21:03:31,549] [INFO] [CONSUMER-12][港台剧]天龙八部 黄日华版...新加入库，成功。
[2017-10-19 21:03:31,552] [INFO] [CONSUMER-13][国产剧]龙游天下3之龙巡天下...新加入库，成功。
[2017-10-19 21:03:31,555] [INFO] [CONSUMER-14]爷们儿...新增加播放组(youku) 入库成功,
[2017-10-19 21:03:31,555] [ERROR] [CONSUMER-15]...播放组不合法:{'flag': 'youku', 'dd': u'\u7b2c1\u96c6$XMTYwNTU5MjkyOA#\u7b2c2\u96c6$XMTYwNTU5MjkwMA#\u7b2c3\u96c6$XMTYwNTU5MzEyMA#\u7b2c4\u96c6$XMTYwNTU5MzE4NA#\u7b2c5\u96c6$XMTYxMDAyNDQ3Ng#\u7b2c6\u96c6$XMTYxMDAyNDk0MA#\u7b2c7\u96c6$XMTYxMTMxOTE0MA#\u7b2c8\u96c6$XMTYxMTMxOTE0NA#\u7b2c9\u96c6$XMTYxNzkzNjU0NA#\u7b2c10\u96c6$XMTYxNzk0MzQ4MA#\u7b2c11\u96c6$XMTYxOTA2NTg0OA#\u7b2c12\u96c6$XMTYxOTA2NTgxMg#\u7b2c13\u96c6$XMTYyNjM2MjkyMA#\u7b2c14\u96c6$XMTYyNjM2MzE0OA#\u7b2c15\u96c6$XMTYyNzYyOTA0MA#\u7b2c16\u96c6$XMTYyNzYyOTQ0MA#\u7b2c17\u96c6$XMTYzNDg2MjI3Ng#\u7b2c18\u96c6$XMTYzNDg2MjY5Mg#\u7b2c19\u96c6$XMTYzNDg2Mjg1Mg#\u7b2c20\u96c6$XMTYzNjMyNTYxMg#\u7b2c21\u96c6$XMTYzNjMxNzQ2NA#\u7b2c22\u96c6$XMTYzNjMxNzQ2MA#\u7b2c23\u96c6$XMTY0NDg1MjMwOA#\u7b2c24\u96c6$XMTY0NDg1MzA2OA#\u7b2c25\u96c6$XMTY0NDg1Mzc2MA#\u7b2c26\u96c6$XMTY0ODI2MDM2MA#\u7b2c27\u96c6$XMTY0ODI2MDM1Ng#\u7b2c28\u96c6$XMTY0ODI2MDM2NA'}
[2017-10-19 21:03:31,559] [INFO] [CONSUMER-16]封神英雄...新增加播放组(youku) 入库成功,
[2017-10-19 21:03:31,562] [INFO] [CONSUMER-17][国产剧]炮神...新加入库，成功。
[2017-10-19 21:03:31,565] [INFO] [CONSUMER-18][港台剧]神雕侠侣 古天乐版...新加入库，成功。
[2017-10-19 21:03:31,568] [INFO] [CONSUMER-19][国产剧]仙剑奇侠传...新加入库，成功。
[2017-10-19 21:03:31,571] [INFO] [CONSUMER-20]倚天屠龙记 苏有朋版...新增加播放组(youku) 入库成功,
[2017-10-19 21:03:31,571] [DEBUG] [PRODUCER-youku]page:1:crawling finished.
[2017-10-19 21:03:31,571] [INFO] [PRODUCER-youku]采集次数:20,新增入库:12条,新增加播放组:7条,更新播放组:0条。
[2017-10-19 21:03:31,571] [DEBUG] [PRODUCER-youku]page:2:crawling...http://api.2m.vc/caij/inc/youku.php?ac=videolist&pg=2&h=
[2017-10-19 21:03:31,947] [INFO] [CONSUMER-21]铁在烧...新增加播放组(youku) 入库成功,
[2017-10-19 21:03:31,950] [INFO] [CONSUMER-22][港台剧]魔刀侠情...新加入库，成功。
[2017-10-19 21:03:31,953] [INFO] [CONSUMER-23][国产剧]梦幻诛仙...新加入库，成功。
[2017-10-19 21:03:31,954] [INFO] [CONSUMER-24][国产剧]一手托两家...新加入库，成功。
[2017-10-19 21:03:31,957] [INFO] [CONSUMER-25][国产剧]神鬼八阵图...新加入库，成功。
[2017-10-19 21:03:31,959] [INFO] [CONSUMER-26][国产剧]神探狄仁杰第三部...新加入库，成功。
[2017-10-19 21:03:31,960] [WARNING] [CONSUMER-27][日韩剧]Doctor异乡人...未绑定分类，跳过。
[2017-10-19 21:03:31,963] [INFO] [CONSUMER-28]神医侠侣...新增加播放组(youku) 入库成功,
[2017-10-19 21:03:31,964] [INFO] [CONSUMER-29][港台剧]戏说乾隆...新加入库，成功。
[2017-10-19 21:03:31,967] [INFO] [CONSUMER-30][国产剧]广府太极传奇...新加入库，成功。
[2017-10-19 21:03:31,969] [INFO] [CONSUMER-31][国产剧]相声演义...新加入库，成功。
[2017-10-19 21:03:31,970] [INFO] [CONSUMER-32]隋唐英雄传...新增加播放组(youku) 入库成功,
[2017-10-19 21:03:31,970] [INFO] [CONSUMER-33]包青天之开封奇案...新增加播放组(youku) 入库成功,
[2017-10-19 21:03:31,973] [INFO] [CONSUMER-34][港台剧]南龙北凤...新加入库，成功。
[2017-10-19 21:03:31,973] [INFO] [CONSUMER-35][港台剧]醉拳王无忌...新加入库，成功。
[2017-10-19 21:03:31,976] [INFO] [CONSUMER-36][国产剧]笑傲江湖 李亚鹏版...新加入库，成功。
[2017-10-19 21:03:31,977] [INFO] [CONSUMER-37]悬崖...新增加播放组(youku) 入库成功,
[2017-10-19 21:03:31,979] [INFO] [CONSUMER-38][港台剧]霍东阁...新加入库，成功。
[2017-10-19 21:03:31,980] [INFO] [CONSUMER-39][港台剧]中神通王重阳 国语版...新加入库，成功。
[2017-10-19 21:03:31,982] [INFO] [CONSUMER-40][港台剧]洗冤录2...新加入库，成功。
[2017-10-19 21:03:31,982] [DEBUG] [PRODUCER-youku]page:2:crawling finished.
[2017-10-19 21:03:31,982] [INFO] [PRODUCER-youku]采集次数:40,新增入库:26条,新增加播放组:12条,更新播放组:0条。
[2017-10-19 21:03:31,983] [DEBUG] [PRODUCER-youku]page:3:crawling...http://api.2m.vc/caij/inc/youku.php?ac=videolist&pg=3&h=
[2017-10-19 21:03:32,382] [INFO] [CONSUMER-41]薛仁贵传奇...新增加播放组(youku) 入库成功,
[2017-10-19 21:03:32,385] [INFO] [CONSUMER-42]大醉侠...新增加播放组(youku) 入库成功,
[2017-10-19 21:03:32,388] [INFO] [CONSUMER-43]走西口...新增加播放组(youku) 入库成功,
[2017-10-19 21:03:32,391] [INFO] [CONSUMER-44]少林寺传奇藏经阁...新增加播放组(youku) 入库成功,
[2017-10-19 21:03:32,394] [INFO] [CONSUMER-45][国产剧]道可道...新加入库，成功。
[2017-10-19 21:03:32,398] [INFO] [CONSUMER-46]石敢当之雄峙天东...新增加播放组(youku) 入库成功,
[2017-10-19 21:03:32,401] [INFO] [CONSUMER-47][科幻片]宇宙寻宝记...新加入库，成功。
[2017-10-19 21:03:32,404] [INFO] [CONSUMER-48][国产剧]楚汉风云...新加入库，成功。
[2017-10-19 21:03:32,407] [INFO] [CONSUMER-49]武松 2013版...新增加播放组(youku) 入库成功,
[2017-10-19 21:03:32,411] [INFO] [CONSUMER-50]武当 第二部...新增加播放组(youku) 入库成功,
[2017-10-19 21:03:32,414] [INFO] [CONSUMER-51]新龙门客栈...新增加播放组(youku) 入库成功,
[2017-10-19 21:03:32,414] [WARNING] [CONSUMER-52][喜剧片]提着心，吊着胆...未绑定分类，跳过。
[2017-10-19 21:03:32,417] [INFO] [CONSUMER-53]诡眼...新增加播放组(youku) 入库成功,
[2017-10-19 21:03:32,420] [INFO] [CONSUMER-54]书剑情侠柳三变...新增加播放组(youku) 入库成功,
[2017-10-19 21:03:32,423] [INFO] [CONSUMER-55][港台剧]飞花逐月...新加入库，成功。
[2017-10-19 21:03:32,426] [INFO] [CONSUMER-56][国产剧]醉侠张三...新加入库，成功。
[2017-10-19 21:03:32,428] [INFO] [CONSUMER-57]名扬花鼓...新增加播放组(youku) 入库成功,
[2017-10-19 21:03:32,431] [INFO] [CONSUMER-58][国产剧]飞天潜龙...新加入库，成功。
[2017-10-19 21:03:32,434] [INFO] [CONSUMER-59]残剑震江湖...新增加播放组(youku) 入库成功,
[2017-10-19 21:03:32,437] [INFO] [CONSUMER-60]婚后五年...新增加播放组(youku) 入库成功,
[2017-10-19 21:03:32,438] [DEBUG] [PRODUCER-youku]page:3:crawling finished.
[2017-10-19 21:03:32,438] [INFO] [PRODUCER-youku]采集次数:60,新增入库:32条,新增加播放组:25条,更新播放组:0条。
[2017-10-19 21:03:32,438] [DEBUG] [PRODUCER-youku]page:4:crawling...http://api.2m.vc/caij/inc/youku.php?ac=videolist&pg=4&h=
[2017-10-19 21:03:32,747] [INFO] [CONSUMER-61][港台剧]精武五虎...新加入库，成功。
[2017-10-19 21:03:32,750] [INFO] [CONSUMER-62][港台剧]大唐名捕...新加入库，成功。
[2017-10-19 21:03:32,753] [INFO] [CONSUMER-63][国产剧]盲侠金鱼飞天猪...新加入库，成功。
[2017-10-19 21:03:32,756] [INFO] [CONSUMER-64]光影...新增加播放组(youku) 入库成功,
[2017-10-19 21:03:32,760] [INFO] [CONSUMER-65][港台剧]终极一班4...新加入库，成功。
[2017-10-19 21:03:32,760] [WARNING] [CONSUMER-66][喜剧片]泰迪熊2...未绑定分类，跳过。
[2017-10-19 21:03:32,763] [INFO] [CONSUMER-67][动作片]绝命密码站...新加入库，成功。
[2017-10-19 21:03:32,763] [WARNING] [CONSUMER-68][喜剧片]爱在招生部...未绑定分类，跳过。
[2017-10-19 21:03:32,766] [INFO] [CONSUMER-69]萧红...新增加播放组(youku) 入库成功,
[2017-10-19 21:03:32,769] [INFO] [CONSUMER-70][恐怖片]分裂...新加入库，成功。
[2017-10-19 21:03:32,772] [INFO] [CONSUMER-71]局内人...新增加播放组(youku) 入库成功,
[2017-10-19 21:03:32,773] [INFO] [CONSUMER-72]特殊争夺...新增加播放组(youku) 入库成功,
[2017-10-19 21:03:32,775] [WARNING] [CONSUMER-73][欧美剧]魔术师 第一季...未绑定分类，跳过。
[2017-10-19 21:03:32,776] [INFO] [CONSUMER-74]长沙保卫战...新增加播放组(youku) 入库成功,
[2017-10-19 21:03:32,779] [INFO] [CONSUMER-75][国产剧]神话...新加入库，成功。
[2017-10-19 21:03:32,780] [INFO] [CONSUMER-76]新西游记...新增加播放组(youku) 入库成功,
[2017-10-19 21:03:32,782] [INFO] [CONSUMER-77][恐怖片]人间蒸发...新加入库，成功。
[2017-10-19 21:03:32,782] [WARNING] [CONSUMER-78][喜剧片]麻烦家族...未绑定分类，跳过。
[2017-10-19 21:03:32,782] [WARNING] [CONSUMER-79][欧美剧]穹顶之下 第一季...未绑定分类，跳过。
[2017-10-19 21:03:32,783] [WARNING] [CONSUMER-80][内地动漫]秦时明月之天行九歌...未绑定分类，跳过。
[2017-10-19 21:03:32,783] [DEBUG] [PRODUCER-youku]page:4:crawling finished.
[2017-10-19 21:03:32,783] [INFO] [PRODUCER-youku]采集次数:80,新增入库:40条,新增加播放组:31条,更新播放组:0条。
[2017-10-19 21:03:32,783] [DEBUG] [PRODUCER-youku]page:5:crawling...http://api.2m.vc/caij/inc/youku.php?ac=videolist&pg=5&h=
[2017-10-19 21:03:33,161] [INFO] [CONSUMER-81]终极一班2...新增加播放组(youku) 入库成功,
[2017-10-19 21:03:33,161] [WARNING] [CONSUMER-82][欧美剧]特工卡特 第一季...未绑定分类，跳过。
[2017-10-19 21:03:33,163] [INFO] [CONSUMER-83]铁甲舰上的男人们...新增加播放组(youku) 入库成功,
[2017-10-19 21:03:33,163] [WARNING] [CONSUMER-84][日韩剧]回来吧大叔...未绑定分类，跳过。
[2017-10-19 21:03:33,163] [WARNING] [CONSUMER-85][欧美剧]12只猴子 第二季...未绑定分类，跳过。
[2017-10-19 21:03:33,164] [INFO] [CONSUMER-86][港台剧]萌学园3：魔法号令...新加入库，成功。
[2017-10-19 21:03:33,165] [INFO] [CONSUMER-87][国产剧]聊斋奇女子...新加入库，成功。
[2017-10-19 21:03:33,165] [WARNING] [CONSUMER-88][欧美剧]穹顶之下 第三季...未绑定分类，跳过。
[2017-10-19 21:03:33,165] [WARNING] [CONSUMER-89][喜剧片]家长指导...未绑定分类，跳过。
[2017-10-19 21:03:33,165] [WARNING] [CONSUMER-90][动漫]摇滚藏獒...未绑定分类，跳过。
[2017-10-19 21:03:33,167] [INFO] [CONSUMER-91][国产剧]异能家庭...新加入库，成功。
[2017-10-19 21:03:33,170] [INFO] [CONSUMER-92]将界...新增加播放组(youku) 入库成功,
[2017-10-19 21:03:33,170] [WARNING] [CONSUMER-93][欧美剧]机器之心第1季...未绑定分类，跳过。
[2017-10-19 21:03:33,170] [WARNING] [CONSUMER-94][欧美剧]太空无垠 第一季...未绑定分类，跳过。
[2017-10-19 21:03:33,171] [INFO] [CONSUMER-95]绑架者...新增加播放组(youku) 入库成功,
[2017-10-19 21:03:33,173] [INFO] [CONSUMER-96]太阳照常升起...新增加播放组(youku) 入库成功,
[2017-10-19 21:03:33,173] [WARNING] [CONSUMER-97][欧美剧]穹顶之下 第二季...未绑定分类，跳过。
[2017-10-19 21:03:33,174] [INFO] [CONSUMER-98]欢天喜地对亲家...新增加播放组(youku) 入库成功,
[2017-10-19 21:03:33,176] [INFO] [CONSUMER-99][国产剧]隐秘动机...新加入库，成功。
[2017-10-19 21:03:33,177] [INFO] [CONSUMER-100]魂断楼兰...新增加播放组(youku) 入库成功,
[2017-10-19 21:03:33,177] [DEBUG] [PRODUCER-youku]page:5:crawling finished.
[2017-10-19 21:03:33,177] [INFO] [PRODUCER-youku]采集次数:100,新增入库:44条,新增加播放组:38条,更新播放组:0条。
[2017-10-19 21:03:33,177] [DEBUG] [PRODUCER-youku]page:6:crawling...http://api.2m.vc/caij/inc/youku.php?ac=videolist&pg=6&h=
[2017-10-19 21:03:33,578] [WARNING] [CONSUMER-101][日韩剧]丰顺儿...未绑定分类，跳过。
[2017-10-19 21:03:33,581] [INFO] [CONSUMER-102][港台剧]一屋两鬼三人行...新加入库，成功。
[2017-10-19 21:03:33,581] [WARNING] [CONSUMER-103][内地动漫]快递侠外传...未绑定分类，跳过。
[2017-10-19 21:03:33,584] [INFO] [CONSUMER-104][国产剧]蛋神奇踪...新加入库，成功。
[2017-10-19 21:03:33,586] [INFO] [CONSUMER-105][港台剧]七号差馆 04版...新加入库，成功。
[2017-10-19 21:03:33,589] [INFO] [CONSUMER-106]拆弹部队...新增加播放组(youku) 入库成功,
[2017-10-19 21:03:33,592] [INFO] [CONSUMER-107]拆弹专家...新增加播放组(youku) 入库成功,
[2017-10-19 21:03:33,592] [WARNING] [CONSUMER-108][欧美剧]神秘博士第九季...未绑定分类，跳过。
[2017-10-19 21:03:33,592] [WARNING] [CONSUMER-109][欧美剧]恐龙帝国第2季...未绑定分类，跳过。
[2017-10-19 21:03:33,594] [WARNING] [CONSUMER-110][欧美剧]亡者归来 第一季...未绑定分类，跳过。
[2017-10-19 21:03:33,596] [INFO] [CONSUMER-111][港台剧]回到未嫁时...新加入库，成功。
[2017-10-19 21:03:33,599] [INFO] [CONSUMER-112][国产剧]皇恩浩荡...新加入库，成功。
[2017-10-19 21:03:33,601] [WARNING] [CONSUMER-113][日韩剧]九尾狐外传...未绑定分类，跳过。
[2017-10-19 21:03:33,602] [INFO] [CONSUMER-114][国产剧]天才J...新加入库，成功。
[2017-10-19 21:03:33,604] [WARNING] [CONSUMER-115][日韩剧]日本恐怖童话六部曲...未绑定分类，跳过。
[2017-10-19 21:03:33,604] [WARNING] [CONSUMER-116][欧美剧]超能少年第2季...未绑定分类，跳过。
[2017-10-19 21:03:33,605] [WARNING] [CONSUMER-117][欧美剧]超能少年第1季...未绑定分类，跳过。
[2017-10-19 21:03:33,605] [WARNING] [CONSUMER-118][欧美剧]恐龙帝国第1季...未绑定分类，跳过。
[2017-10-19 21:03:33,605] [WARNING] [CONSUMER-119][日韩剧]外星人之泉...未绑定分类，跳过。
[2017-10-19 21:03:33,605] [WARNING] [CONSUMER-120][欧美剧]抗争 第三季...未绑定分类，跳过。
[2017-10-19 21:03:33,605] [DEBUG] [PRODUCER-youku]page:6:crawling finished.
[2017-10-19 21:03:33,605] [INFO] [PRODUCER-youku]采集次数:120,新增入库:50条,新增加播放组:40条,更新播放组:0条。
[2017-10-19 21:03:33,605] [DEBUG] [PRODUCER-youku]page:7:crawling...http://api.2m.vc/caij/inc/youku.php?ac=videolist&pg=7&h=
[2017-10-19 21:03:33,944] [WARNING] [CONSUMER-121][欧美剧]黑色孤儿第三季...未绑定分类，跳过。
[2017-10-19 21:03:33,947] [INFO] [CONSUMER-122][港台剧]精灵酒店...新加入库，成功。
[2017-10-19 21:03:33,950] [INFO] [CONSUMER-123][国产剧]非常24小时第二部...新加入库，成功。
[2017-10-19 21:03:33,957] [INFO] [CONSUMER-124][国产剧]一千零一夜...新加入库，成功。
[2017-10-19 21:03:33,960] [INFO] [CONSUMER-125][动作片]12回合2：重装上阵...新加入库，成功。
[2017-10-19 21:03:33,963] [INFO] [CONSUMER-126]帅位...新增加播放组(youku) 入库成功,
[2017-10-19 21:03:33,966] [INFO] [CONSUMER-127]地心营救...新增加播放组(youku) 入库成功,
[2017-10-19 21:03:33,966] [WARNING] [CONSUMER-128][欧美剧]读心人第1季...未绑定分类，跳过。
[2017-10-19 21:03:33,966] [WARNING] [CONSUMER-129][欧美剧]读心人第2季...未绑定分类，跳过。
[2017-10-19 21:03:33,967] [WARNING] [CONSUMER-130][欧美剧]超能少年第3季...未绑定分类，跳过。
[2017-10-19 21:03:33,967] [WARNING] [CONSUMER-131][喜剧片]杜拉拉追婚记...未绑定分类，跳过。
[2017-10-19 21:03:33,970] [INFO] [CONSUMER-132]奔爱...新增加播放组(youku) 入库成功,
[2017-10-19 21:03:33,971] [INFO] [CONSUMER-133][动作片]玩命速递：重启之战...新加入库，成功。
[2017-10-19 21:03:33,974] [INFO] [CONSUMER-134]剩者为王...新增加播放组(youku) 入库成功,
[2017-10-19 21:03:33,976] [INFO] [CONSUMER-135]谍影重重5...新增加播放组(youku) 入库成功,
[2017-10-19 21:03:33,979] [INFO] [CONSUMER-136]狼图腾...新增加播放组(youku) 入库成功,
[2017-10-19 21:03:33,980] [INFO] [CONSUMER-137][国产剧]伊咪...新加入库，成功。
[2017-10-19 21:03:33,983] [INFO] [CONSUMER-138]异镇...新增加播放组(youku) 入库成功,
[2017-10-19 21:03:33,983] [INFO] [CONSUMER-139]宫锁珠帘...新增加播放组(youku) 入库成功,
[2017-10-19 21:03:33,986] [INFO] [CONSUMER-140][港台剧]无头东宫...新加入库，成功。
[2017-10-19 21:03:33,986] [DEBUG] [PRODUCER-youku]page:7:crawling finished.
[2017-10-19 21:03:33,986] [INFO] [PRODUCER-youku]采集次数:140,新增入库:57条,新增加播放组:48条,更新播放组:0条。
[2017-10-19 21:03:33,986] [DEBUG] [PRODUCER-youku]page:8:crawling...http://api.2m.vc/caij/inc/youku.php?ac=videolist&pg=8&h=
[2017-10-19 21:03:34,335] [INFO] [CONSUMER-141][国产剧]太平公主秘史...新加入库，成功。
[2017-10-19 21:03:34,336] [INFO] [CONSUMER-142][国产剧]铁齿铜牙纪晓岚 第四部...新加入库，成功。
[2017-10-19 21:03:34,338] [INFO] [CONSUMER-143][国产剧]朱元璋...新加入库，成功。
[2017-10-19 21:03:34,338] [INFO] [CONSUMER-144][国产剧]后宫...新加入库，成功。
[2017-10-19 21:03:34,341] [INFO] [CONSUMER-145]武媚娘传奇浙江卫视版...新增加播放组(youku) 入库成功,
[2017-10-19 21:03:34,342] [INFO] [CONSUMER-146]秘密窗...新增加播放组(youku) 入库成功,
[2017-10-19 21:03:34,411] [INFO] [CONSUMER-147][动作片]秘密任务...新加入库，成功。
[2017-10-19 21:03:34,415] [INFO] [CONSUMER-148]佳期如梦...新增加播放组(youku) 入库成功,
[2017-10-19 21:03:34,418] [INFO] [CONSUMER-149]铁齿铜牙纪晓岚 第二部...新增加播放组(youku) 入库成功,
[2017-10-19 21:03:34,421] [INFO] [CONSUMER-150][国产剧]西游记续集 03版...新加入库，成功。
[2017-10-19 21:03:34,424] [INFO] [CONSUMER-151]少年四大名捕...新增加播放组(youku) 入库成功,
[2017-10-19 21:03:34,428] [INFO] [CONSUMER-152]山海经之赤影传说...新增加播放组(youku) 入库成功,
[2017-10-19 21:03:34,428] [WARNING] [CONSUMER-153][喜剧片]有完没完...未绑定分类，跳过。
[2017-10-19 21:03:34,430] [WARNING] [CONSUMER-154][喜剧片]我的个神啊...未绑定分类，跳过。
[2017-10-19 21:03:34,430] [WARNING] [CONSUMER-155][日韩剧]剩余公主...未绑定分类，跳过。
[2017-10-19 21:03:34,433] [INFO] [CONSUMER-156][国产剧]新聊斋志异...新加入库，成功。
[2017-10-19 21:03:34,436] [INFO] [CONSUMER-157][国产剧]降妖罗汉...新加入库，成功。
[2017-10-19 21:03:34,437] [INFO] [CONSUMER-158][国产剧]十二生肖传奇...新加入库，成功。
[2017-10-19 21:03:34,441] [INFO] [CONSUMER-159][国产剧]聊斋 第二部 06版...新加入库，成功。
[2017-10-19 21:03:34,444] [INFO] [CONSUMER-160]活佛济公...新增加播放组(youku) 入库成功,
[2017-10-19 21:03:34,444] [DEBUG] [PRODUCER-youku]page:8:crawling finished.
[2017-10-19 21:03:34,444] [INFO] [PRODUCER-youku]采集次数:160,新增入库:67条,新增加播放组:55条,更新播放组:0条。
[2017-10-19 21:03:34,444] [DEBUG] [PRODUCER-youku]page:9:crawling...http://api.2m.vc/caij/inc/youku.php?ac=videolist&pg=9&h=
[2017-10-19 21:03:34,765] [INFO] [CONSUMER-161][国产剧]女娲传说之灵珠...新加入库，成功。
[2017-10-19 21:03:34,766] [WARNING] [CONSUMER-162][日韩剧]主君的太阳...未绑定分类，跳过。
[2017-10-19 21:03:34,769] [INFO] [CONSUMER-163][国产剧]嫦娥...新加入库，成功。
[2017-10-19 21:03:34,773] [INFO] [CONSUMER-164][国产剧]宝莲灯前传...新加入库，成功。
[2017-10-19 21:03:34,776] [INFO] [CONSUMER-165][国产剧]凤凰血...新加入库，成功。
[2017-10-19 21:03:34,779] [INFO] [CONSUMER-166]欢天喜地七仙女...新增加播放组(youku) 入库成功,
[2017-10-19 21:03:34,783] [INFO] [CONSUMER-167]龙门镖局...新增加播放组(youku) 入库成功,
[2017-10-19 21:03:34,786] [INFO] [CONSUMER-168]宝莲灯...新增加播放组(youku) 入库成功,
[2017-10-19 21:03:34,789] [INFO] [CONSUMER-169]碧波仙子...新增加播放组(youku) 入库成功,
[2017-10-19 21:03:34,790] [INFO] [CONSUMER-170][国产剧]传说...新加入库，成功。
[2017-10-19 21:03:34,792] [INFO] [CONSUMER-171]我们结婚吧...新增加播放组(youku) 入库成功,
[2017-10-19 21:03:34,795] [INFO] [CONSUMER-172][国产剧]天地姻缘七仙女...新加入库，成功。
[2017-10-19 21:03:34,796] [INFO] [CONSUMER-173]刘海戏金蟾...新增加播放组(youku) 入库成功,
[2017-10-19 21:03:34,798] [INFO] [CONSUMER-174][港台剧]九龙传说...新加入库，成功。
[2017-10-19 21:03:34,799] [INFO] [CONSUMER-175]聊斋新编...新增加播放组(youku) 入库成功,
[2017-10-19 21:03:34,802] [INFO] [CONSUMER-176]牛郎织女...新增加播放组(youku) 入库成功,
[2017-10-19 21:03:34,802] [INFO] [CONSUMER-177]超能力伙伴...新增加播放组(youku) 入库成功,
[2017-10-19 21:03:34,805] [INFO] [CONSUMER-178]冬眠...新增加播放组(youku) 入库成功,
[2017-10-19 21:03:34,805] [WARNING] [CONSUMER-179][喜剧片]我不是潘金莲...未绑定分类，跳过。
[2017-10-19 21:03:34,805] [INFO] [CONSUMER-180][科幻片]矮人和巨人:秘密房间...新加入库，成功。
[2017-10-19 21:03:34,806] [DEBUG] [PRODUCER-youku]page:9:crawling finished.
[2017-10-19 21:03:34,806] [INFO] [PRODUCER-youku]采集次数:180,新增入库:75条,新增加播放组:65条,更新播放组:0条。
[2017-10-19 21:03:34,806] [DEBUG] [PRODUCER-youku]page:10:crawling...http://api.2m.vc/caij/inc/youku.php?ac=videolist&pg=10&h=
[2017-10-19 21:03:35,128] [INFO] [CONSUMER-181]新济公活佛下部...新增加播放组(youku) 入库成功,
[2017-10-19 21:03:35,128] [WARNING] [CONSUMER-182][伦理片]野人族女王...未绑定分类，跳过。
[2017-10-19 21:03:35,132] [INFO] [CONSUMER-183][港台剧]怀玉传奇：千金妈祖...新加入库，成功。
[2017-10-19 21:03:35,135] [INFO] [CONSUMER-184][港台剧]怪才军师...新加入库，成功。
[2017-10-19 21:03:35,138] [INFO] [CONSUMER-185][国产剧]福禄寿三星报喜...新加入库，成功。
[2017-10-19 21:03:35,141] [INFO] [CONSUMER-186][国产剧]封神榜之凤鸣岐山...新加入库，成功。
[2017-10-19 21:03:35,144] [INFO] [CONSUMER-187][国产剧]妙善公主...新加入库，成功。
[2017-10-19 21:03:35,147] [INFO] [CONSUMER-188]四大萌捕...新增加播放组(youku) 入库成功,
[2017-10-19 21:03:35,148] [INFO] [CONSUMER-189]神医大道公...新增加播放组(youku) 入库成功,
[2017-10-19 21:03:35,151] [INFO] [CONSUMER-190][剧情片]捐精大丈夫...新加入库，成功。
[2017-10-19 21:03:35,151] [WARNING] [CONSUMER-191][喜剧片]滚烫的爱...未绑定分类，跳过。
[2017-10-19 21:03:35,151] [INFO] [CONSUMER-192]解救吾先生...新增加播放组(youku) 入库成功,
[2017-10-19 21:03:35,154] [INFO] [CONSUMER-193]百团大战...新增加播放组(youku) 入库成功,
[2017-10-19 21:03:35,155] [INFO] [CONSUMER-194][剧情片]穿裘皮的维纳斯...新加入库，成功。
[2017-10-19 21:03:35,157] [INFO] [CONSUMER-195][国产剧]魔界之龙珠...新加入库，成功。
[2017-10-19 21:03:35,160] [INFO] [CONSUMER-196][国产剧]春光灿烂猪八戒...新加入库，成功。
[2017-10-19 21:03:35,161] [INFO] [CONSUMER-197]欢乐元帅...新增加播放组(youku) 入库成功,
[2017-10-19 21:03:35,164] [INFO] [CONSUMER-198]伏羲女娲...新增加播放组(youku) 入库成功,
[2017-10-19 21:03:35,165] [INFO] [CONSUMER-199][国产剧]喜气洋洋猪八戒...新加入库，成功。
[2017-10-19 21:03:35,167] [INFO] [CONSUMER-200][国产剧]福星高照猪八戒...新加入库，成功。
[2017-10-19 21:03:35,167] [DEBUG] [PRODUCER-youku]page:10:crawling finished.
[2017-10-19 21:03:35,168] [INFO] [PRODUCER-youku]采集次数:200,新增入库:86条,新增加播放组:72条,更新播放组:0条。
[2017-10-19 21:03:35,168] [DEBUG] [PRODUCER-youku]page:11:crawling...http://api.2m.vc/caij/inc/youku.php?ac=videolist&pg=11&h=
[2017-10-19 21:03:35,461] [INFO] [CONSUMER-201][国产剧]天地传奇...新加入库，成功。
[2017-10-19 21:03:35,463] [INFO] [CONSUMER-202][港台剧]家有仙妻第一部...新加入库，成功。
[2017-10-19 21:03:35,466] [INFO] [CONSUMER-203][国产剧]传奇幻想殷商...新加入库，成功。
[2017-10-19 21:03:35,467] [INFO] [CONSUMER-204]帕洛玛之旅...新增加播放组(youku) 入库成功,
[2017-10-19 21:03:35,467] [INFO] [CONSUMER-205][国产剧]仙女多情...新加入库，成功。
[2017-10-19 21:03:35,470] [INFO] [CONSUMER-206][国产剧]人间灶王...新加入库，成功。
[2017-10-19 21:03:35,470] [INFO] [CONSUMER-207][港台剧]缱绻仙凡间...新加入库，成功。
[2017-10-19 21:03:35,473] [INFO] [CONSUMER-208][港台剧]无双谱...新加入库，成功。
[2017-10-19 21:03:35,473] [INFO] [CONSUMER-209]终极封神...新增加播放组(youku) 入库成功,
[2017-10-19 21:03:35,476] [INFO] [CONSUMER-210]春光灿烂猪九妹...新增加播放组(youku) 入库成功,
[2017-10-19 21:03:35,476] [INFO] [CONSUMER-211][国产剧]山海经之山河图...新加入库，成功。
[2017-10-19 21:03:35,479] [INFO] [CONSUMER-212]聊斋先生...新增加播放组(youku) 入库成功,
[2017-10-19 21:03:35,480] [INFO] [CONSUMER-213]济公新传...新增加播放组(youku) 入库成功,
[2017-10-19 21:03:35,482] [INFO] [CONSUMER-214]破晓...新增加播放组(youku) 入库成功,
[2017-10-19 21:03:35,482] [WARNING] [CONSUMER-215][日韩剧]奶酪陷阱...未绑定分类，跳过。
[2017-10-19 21:03:35,483] [INFO] [CONSUMER-216]巨浪...新增加播放组(youku) 入库成功,
[2017-10-19 21:03:35,484] [INFO] [CONSUMER-217]卧底...新增加播放组(youku) 入库成功,
[2017-10-19 21:03:35,486] [INFO] [CONSUMER-218]爱恋...新增加播放组(youku) 入库成功,
[2017-10-19 21:03:35,487] [INFO] [CONSUMER-219][国产剧]重庆谍战...新加入库，成功。
[2017-10-19 21:03:35,490] [INFO] [CONSUMER-220][国产剧]爹妈满院...新加入库，成功。
[2017-10-19 21:03:35,490] [DEBUG] [PRODUCER-youku]page:11:crawling finished.
[2017-10-19 21:03:35,490] [INFO] [PRODUCER-youku]采集次数:220,新增入库:96条,新增加播放组:81条,更新播放组:0条。
[2017-10-19 21:03:35,490] [DEBUG] [PRODUCER-youku]page:12:crawling...http://api.2m.vc/caij/inc/youku.php?ac=videolist&pg=12&h=
[2017-10-19 21:03:35,799] [INFO] [CONSUMER-221]我是太阳...新增加播放组(youku) 入库成功,
[2017-10-19 21:03:35,801] [INFO] [CONSUMER-222]掩护...新增加播放组(youku) 入库成功,
[2017-10-19 21:03:35,803] [INFO] [CONSUMER-223]内线...新增加播放组(youku) 入库成功,
[2017-10-19 21:03:35,806] [INFO] [CONSUMER-224]上海迷雾...新增加播放组(youku) 入库成功,
[2017-10-19 21:03:35,806] [WARNING] [CONSUMER-225][爱情片]卧底学园...未绑定分类，跳过。
[2017-10-19 21:03:35,806] [WARNING] [CONSUMER-226][电影]通天卧底...未绑定分类，跳过。
[2017-10-19 21:03:35,809] [INFO] [CONSUMER-227]黎明之前...新增加播放组(youku) 入库成功,
[2017-10-19 21:03:35,813] [INFO] [CONSUMER-228][港台剧]天眼[B]...新加入库，成功。
[2017-10-19 21:03:35,815] [INFO] [CONSUMER-229][国产剧]错伏...新加入库，成功。
[2017-10-19 21:03:35,819] [INFO] [CONSUMER-230][国产剧]月供...新加入库，成功。
[2017-10-19 21:03:35,822] [INFO] [CONSUMER-231]热血...新增加播放组(youku) 入库成功,
[2017-10-19 21:03:35,825] [INFO] [CONSUMER-232][国产剧]你有权保持沉默...新加入库，成功。
[2017-10-19 21:03:35,828] [INFO] [CONSUMER-233]嘿！真不是闹着玩的...新增加播放组(youku) 入库成功,
[2017-10-19 21:03:35,832] [INFO] [CONSUMER-234]内线前传...新增加播放组(youku) 入库成功,
[2017-10-19 21:03:35,834] [INFO] [CONSUMER-235][国产剧]欢喜密探...新加入库，成功。
[2017-10-19 21:03:35,836] [INFO] [CONSUMER-236]生死谍恋...新增加播放组(youku) 入库成功,
[2017-10-19 21:03:35,838] [INFO] [CONSUMER-237]漂洋过海来爱你...新增加播放组(youku) 入库成功,
[2017-10-19 21:03:35,839] [INFO] [CONSUMER-238]潜伏在黎明之前...新增加播放组(youku) 入库成功,
[2017-10-19 21:03:35,842] [INFO] [CONSUMER-239][国产剧]狼烟遍地...新加入库，成功。
[2017-10-19 21:03:35,844] [INFO] [CONSUMER-240]使命...新增加播放组(youku) 入库成功,
[2017-10-19 21:03:35,844] [DEBUG] [PRODUCER-youku]page:12:crawling finished.
[2017-10-19 21:03:35,844] [INFO] [PRODUCER-youku]采集次数:240,新增入库:102条,新增加播放组:93条,更新播放组:0条。
[2017-10-19 21:03:35,844] [DEBUG] [PRODUCER-youku]page:13:crawling...http://api.2m.vc/caij/inc/youku.php?ac=videolist&pg=13&h=
[2017-10-19 21:03:36,190] [INFO] [CONSUMER-241][国产剧]白狼...新加入库，成功。
[2017-10-19 21:03:36,194] [INFO] [CONSUMER-242]武工队传奇...新增加播放组(youku) 入库成功,
[2017-10-19 21:03:36,198] [INFO] [CONSUMER-243]零下三十八度...新增加播放组(youku) 入库成功,
[2017-10-19 21:03:36,201] [INFO] [CONSUMER-244]代号九耳犬...新增加播放组(youku) 入库成功,
[2017-10-19 21:03:36,204] [INFO] [CONSUMER-245][国产剧]江城警事...新加入库，成功。
[2017-10-19 21:03:36,207] [INFO] [CONSUMER-246][国产剧]旋风少女...新加入库，成功。
[2017-10-19 21:03:36,210] [INFO] [CONSUMER-247][国产剧]断刺...新加入库，成功。
[2017-10-19 21:03:36,213] [INFO] [CONSUMER-248]血刃...新增加播放组(youku) 入库成功,
[2017-10-19 21:03:36,216] [INFO] [CONSUMER-249]国宝疑云...新增加播放组(youku) 入库成功,
[2017-10-19 21:03:36,219] [INFO] [CONSUMER-250]谍战狂花...新增加播放组(youku) 入库成功,
[2017-10-19 21:03:36,220] [INFO] [CONSUMER-251][国产剧]出生入死...新加入库，成功。
[2017-10-19 21:03:36,224] [INFO] [CONSUMER-252]爱，来的刚好...新增加播放组(youku) 入库成功,
[2017-10-19 21:03:36,226] [INFO] [CONSUMER-253]夫妻一场...新增加播放组(youku) 入库成功,
[2017-10-19 21:03:36,229] [INFO] [CONSUMER-254][国产剧]黑玫瑰...新加入库，成功。
[2017-10-19 21:03:36,230] [INFO] [CONSUMER-255][国产剧]红色电波...新加入库，成功。
[2017-10-19 21:03:36,232] [INFO] [CONSUMER-256]绝战...新增加播放组(youku) 入库成功,
[2017-10-19 21:03:36,233] [INFO] [CONSUMER-257]铁血尖刀...新增加播放组(youku) 入库成功,
[2017-10-19 21:03:36,234] [INFO] [CONSUMER-258]剑谍...新增加播放组(youku) 入库成功,
[2017-10-19 21:03:36,236] [INFO] [CONSUMER-259]决战南京...新增加播放组(youku) 入库成功,
[2017-10-19 21:03:36,237] [INFO] [CONSUMER-260]我和我的他们...新增加播放组(youku) 入库成功,
[2017-10-19 21:03:36,239] [DEBUG] [PRODUCER-youku]page:13:crawling finished.
[2017-10-19 21:03:36,239] [INFO] [PRODUCER-youku]采集次数:260,新增入库:109条,新增加播放组:106条,更新播放组:0条。
[2017-10-19 21:03:36,239] [DEBUG] [PRODUCER-youku]page:14:crawling...http://api.2m.vc/caij/inc/youku.php?ac=videolist&pg=14&h=
[2017-10-19 21:03:36,523] [INFO] [CONSUMER-261]单亲妈妈...新增加播放组(youku) 入库成功,
[2017-10-19 21:03:36,528] [INFO] [CONSUMER-262]爱你不放手...新增加播放组(youku) 入库成功,
[2017-10-19 21:03:36,532] [INFO] [CONSUMER-263]加油爱人...新增加播放组(youku) 入库成功,
[2017-10-19 21:03:36,536] [INFO] [CONSUMER-264][国产剧]骄阳似我...新加入库，成功。
[2017-10-19 21:03:36,539] [INFO] [CONSUMER-265][国产剧]兄弟兄弟...新加入库，成功。
[2017-10-19 21:03:36,543] [WARNING] [CONSUMER-266][日韩剧]馨荣堂日记...未绑定分类，跳过。
[2017-10-19 21:03:36,549] [INFO] [CONSUMER-267]不是不想嫁...新增加播放组(youku) 入库成功,
[2017-10-19 21:03:36,552] [INFO] [CONSUMER-268][国产剧]爱情公寓之球爱酒吧...新加入库，成功。
[2017-10-19 21:03:36,555] [INFO] [CONSUMER-269][国产剧]青春万万岁...新加入库，成功。
[2017-10-19 21:03:36,555] [WARNING] [CONSUMER-270][日韩剧]三剑客...未绑定分类，跳过。
[2017-10-19 21:03:36,558] [INFO] [CONSUMER-271]唱战记...新增加播放组(youku) 入库成功,
[2017-10-19 21:03:36,558] [WARNING] [CONSUMER-272][欧美剧]队列之末...未绑定分类，跳过。
[2017-10-19 21:03:36,559] [INFO] [CONSUMER-273][国产剧]骄阳似我 完整版...新加入库，成功。
[2017-10-19 21:03:36,559] [WARNING] [CONSUMER-274][日韩剧]猫来了！喵...未绑定分类，跳过。
[2017-10-19 21:03:36,559] [WARNING] [CONSUMER-275][日韩剧]高校处世王...未绑定分类，跳过。
[2017-10-19 21:03:36,559] [WARNING] [CONSUMER-276][日韩剧]我的秘密饭店...未绑定分类，跳过。
[2017-10-19 21:03:36,559] [WARNING] [CONSUMER-277][日韩剧]九数少年...未绑定分类，跳过。
[2017-10-19 21:03:36,561] [INFO] [CONSUMER-278]奶爸的爱情生活...新增加播放组(youku) 入库成功,
[2017-10-19 21:03:36,562] [INFO] [CONSUMER-279][国产剧]商道天问...新加入库，成功。
[2017-10-19 21:03:36,565] [INFO] [CONSUMER-280][国产剧]憨妻的都市日记...新加入库，成功。
[2017-10-19 21:03:36,565] [DEBUG] [PRODUCER-youku]page:14:crawling finished.
[2017-10-19 21:03:36,565] [INFO] [PRODUCER-youku]采集次数:280,新增入库:116条,新增加播放组:112条,更新播放组:0条。
[2017-10-19 21:03:36,565] [DEBUG] [PRODUCER-youku]page:15:crawling...http://api.2m.vc/caij/inc/youku.php?ac=videolist&pg=15&h=
[2017-10-19 21:03:36,884] [WARNING] [CONSUMER-281][日韩剧]幻想巨塔...未绑定分类，跳过。
[2017-10-19 21:03:36,888] [INFO] [CONSUMER-282][国产剧]男人不醉...新加入库，成功。
[2017-10-19 21:03:36,888] [WARNING] [CONSUMER-283][欧美剧]广告狂人 第7季...未绑定分类，跳过。
[2017-10-19 21:03:36,891] [INFO] [CONSUMER-284][国产剧]奇妙世纪...新加入库，成功。
[2017-10-19 21:03:36,891] [WARNING] [CONSUMER-285][日韩剧]无理的李英爱 系列13...未绑定分类，跳过。
[2017-10-19 21:03:36,894] [INFO] [CONSUMER-286][国产剧]正点男女...新加入库，成功。
[2017-10-19 21:03:36,898] [INFO] [CONSUMER-287]喵星人抢不到...新增加播放组(youku) 入库成功,
[2017-10-19 21:03:36,980] [INFO] [CONSUMER-288][国产剧]私人公园...新加入库，成功。
[2017-10-19 21:03:36,983] [INFO] [CONSUMER-289][国产剧]一屋赞客...新加入库，成功。
[2017-10-19 21:03:36,986] [INFO] [CONSUMER-290][国产剧]谁欠谁的幸福...新加入库，成功。
[2017-10-19 21:03:36,989] [INFO] [CONSUMER-291][国产剧]LOVE双重奏...新加入库，成功。
[2017-10-19 21:03:36,990] [WARNING] [CONSUMER-292][日韩剧]任意依恋...未绑定分类，跳过。
[2017-10-19 21:03:36,993] [INFO] [CONSUMER-293]闯关东...新增加播放组(youku) 入库成功,
[2017-10-19 21:03:36,996] [INFO] [CONSUMER-294]花非花雾非雾...新增加播放组(youku) 入库成功,
[2017-10-19 21:03:37,000] [INFO] [CONSUMER-295][国产剧]一仆二主...新加入库，成功。
[2017-10-19 21:03:37,003] [INFO] [CONSUMER-296][国产剧]上错花轿嫁对郎...新加入库，成功。
[2017-10-19 21:03:37,006] [INFO] [CONSUMER-297]兰陵王...新增加播放组(youku) 入库成功,
[2017-10-19 21:03:37,007] [INFO] [CONSUMER-298][国产剧]秦始皇...新加入库，成功。
[2017-10-19 21:03:37,009] [INFO] [CONSUMER-299]贤妻...新增加播放组(youku) 入库成功,
[2017-10-19 21:03:37,012] [INFO] [CONSUMER-300][国产剧]乡村爱情 第6部...新加入库，成功。
[2017-10-19 21:03:37,012] [DEBUG] [PRODUCER-youku]page:15:crawling finished.
[2017-10-19 21:03:37,012] [INFO] [PRODUCER-youku]采集次数:300,新增入库:127条,新增加播放组:117条,更新播放组:0条。
[2017-10-19 21:03:37,012] [DEBUG] [PRODUCER-youku]page:16:crawling...http://api.2m.vc/caij/inc/youku.php?ac=videolist&pg=16&h=
[2017-10-19 21:03:37,354] [INFO] [CONSUMER-301][港台剧]神枪狙击...新加入库，成功。
[2017-10-19 21:03:37,355] [INFO] [CONSUMER-302][国产剧]非常出击...新加入库，成功。
[2017-10-19 21:03:37,359] [INFO] [CONSUMER-303]璀璨人生...新增加播放组(youku) 入库成功,
[2017-10-19 21:03:37,362] [INFO] [CONSUMER-304]渔岛怒潮...新增加播放组(youku) 入库成功,
[2017-10-19 21:03:37,364] [WARNING] [CONSUMER-305][日韩剧]听见你的声音...未绑定分类，跳过。
[2017-10-19 21:03:37,367] [INFO] [CONSUMER-306][国产剧]李卫当官 第三部...新加入库，成功。
[2017-10-19 21:03:37,369] [INFO] [CONSUMER-307]烽火佳人...新增加播放组(youku) 入库成功,
[2017-10-19 21:03:37,372] [INFO] [CONSUMER-308][港台剧]冲上云霄2...新加入库，成功。
[2017-10-19 21:03:37,375] [INFO] [CONSUMER-309][国产剧]生死线...新加入库，成功。
[2017-10-19 21:03:37,378] [INFO] [CONSUMER-310]完美新娘...新增加播放组(youku) 入库成功,
[2017-10-19 21:03:37,382] [INFO] [CONSUMER-311][国产剧]小爸爸...新加入库，成功。
[2017-10-19 21:03:37,384] [INFO] [CONSUMER-312][国产剧]独生子...新加入库，成功。
[2017-10-19 21:03:37,398] [INFO] [CONSUMER-313]花木兰传奇...新增加播放组(youku) 入库成功,
[2017-10-19 21:03:37,401] [INFO] [CONSUMER-314]向着胜利前进...新增加播放组(youku) 入库成功,
[2017-10-19 21:03:37,404] [INFO] [CONSUMER-315]邻居也疯狂...新增加播放组(youku) 入库成功,
[2017-10-19 21:03:37,405] [WARNING] [CONSUMER-316][日韩剧]秘密...未绑定分类，跳过。
[2017-10-19 21:03:37,408] [INFO] [CONSUMER-317]遥远的婚约...新增加播放组(youku) 入库成功,
[2017-10-19 21:03:37,411] [INFO] [CONSUMER-318][港台剧]金枝欲孽2...新加入库，成功。
[2017-10-19 21:03:37,413] [WARNING] [CONSUMER-319][电影]鬼压床...未绑定分类，跳过。
[2017-10-19 21:03:37,414] [INFO] [CONSUMER-320]咱们结婚吧...新增加播放组(youku) 入库成功,
[2017-10-19 21:03:37,415] [DEBUG] [PRODUCER-youku]page:16:crawling finished.
[2017-10-19 21:03:37,415] [INFO] [PRODUCER-youku]采集次数:320,新增入库:135条,新增加播放组:126条,更新播放组:0条。
[2017-10-19 21:03:37,415] [DEBUG] [PRODUCER-youku]page:17:crawling...http://api.2m.vc/caij/inc/youku.php?ac=videolist&pg=17&h=
[2017-10-19 21:03:37,703] [INFO] [CONSUMER-321][剧情片]然后呢？一起走吧...新加入库，成功。
[2017-10-19 21:03:37,709] [INFO] [CONSUMER-322]三城记...新增加播放组(youku) 入库成功,
[2017-10-19 21:03:37,710] [INFO] [CONSUMER-323]太平轮[下]·彼岸...新增加播放组(youku) 入库成功,
[2017-10-19 21:03:37,711] [INFO] [CONSUMER-324]陪安东尼度过漫长岁月...新增加播放组(youku) 入库成功,
[2017-10-19 21:03:37,713] [INFO] [CONSUMER-325]冲上云霄...新增加播放组(youku) 入库成功,
[2017-10-19 21:03:37,714] [INFO] [CONSUMER-326]克隆女友...新增加播放组(youku) 入库成功,
[2017-10-19 21:03:37,717] [INFO] [CONSUMER-327][恐怖片]疯花血月...新加入库，成功。
[2017-10-19 21:03:37,717] [INFO] [CONSUMER-328]北京，纽约...新增加播放组(youku) 入库成功,
[2017-10-19 21:03:37,720] [INFO] [CONSUMER-329][国产剧]第二十二条婚规...新加入库，成功。
[2017-10-19 21:03:37,723] [INFO] [CONSUMER-330][港台剧]仁心解码2...新加入库，成功。
[2017-10-19 21:03:37,724] [INFO] [CONSUMER-331][国产剧]特种兵之火凤凰 D...新加入库，成功。
[2017-10-19 21:03:37,726] [INFO] [CONSUMER-332][国产剧]人间至味是清欢 网络版...新加入库，成功。
[2017-10-19 21:03:37,729] [INFO] [CONSUMER-333][港台剧]情逆三世缘...新加入库，成功。
[2017-10-19 21:03:37,730] [INFO] [CONSUMER-334][港台剧]On Call 36小时 Ⅱ...新加入库，成功。
[2017-10-19 21:03:37,730] [WARNING] [CONSUMER-335][日韩剧]王家一家人...未绑定分类，跳过。
[2017-10-19 21:03:37,733] [INFO] [CONSUMER-336]守婚如玉...新增加播放组(youku) 入库成功,
[2017-10-19 21:03:37,734] [INFO] [CONSUMER-337]倾城绝恋...新增加播放组(youku) 入库成功,
[2017-10-19 21:03:37,736] [INFO] [CONSUMER-338][国产剧]第九个寡妇...新加入库，成功。
[2017-10-19 21:03:37,736] [INFO] [CONSUMER-339][国产剧]爱闪亮...新加入库，成功。
[2017-10-19 21:03:37,739] [INFO] [CONSUMER-340][国产剧]爱在春天...新加入库，成功。
[2017-10-19 21:03:37,740] [DEBUG] [PRODUCER-youku]page:17:crawling finished.
[2017-10-19 21:03:37,740] [INFO] [PRODUCER-youku]采集次数:340,新增入库:146条,新增加播放组:134条,更新播放组:0条。
[2017-10-19 21:03:37,740] [DEBUG] [PRODUCER-youku]page:18:crawling...http://api.2m.vc/caij/inc/youku.php?ac=videolist&pg=18&h=
[2017-10-19 21:03:38,082] [INFO] [CONSUMER-341]江湖正道...新增加播放组(youku) 入库成功,
[2017-10-19 21:03:38,086] [INFO] [CONSUMER-342][国产剧]爱的创可贴...新加入库，成功。
[2017-10-19 21:03:38,089] [INFO] [CONSUMER-343][港台剧]巨轮...新加入库，成功。
[2017-10-19 21:03:38,091] [WARNING] [CONSUMER-344][喜剧片]圣公会主学堂...未绑定分类，跳过。
[2017-10-19 21:03:38,091] [WARNING] [CONSUMER-345][喜剧片]濒临崩溃的生活...未绑定分类，跳过。
[2017-10-19 21:03:38,092] [WARNING] [CONSUMER-346][电影]少女大盗...未绑定分类，跳过。
[2017-10-19 21:03:38,092] [WARNING] [CONSUMER-347][喜剧片]让爱飞翔...未绑定分类，跳过。
[2017-10-19 21:03:38,092] [WARNING] [CONSUMER-348][日韩剧]你的女人...未绑定分类，跳过。
[2017-10-19 21:03:38,095] [INFO] [CONSUMER-349]非缘勿扰...新增加播放组(youku) 入库成功,
[2017-10-19 21:03:38,095] [WARNING] [CONSUMER-350][喜剧片]天赐良机...未绑定分类，跳过。
[2017-10-19 21:03:38,096] [WARNING] [CONSUMER-351][喜剧片]东成西就2011...未绑定分类，跳过。
[2017-10-19 21:03:38,096] [WARNING] [CONSUMER-352][日韩剧]Nine：九次时间旅行...未绑定分类，跳过。
[2017-10-19 21:03:38,099] [INFO] [CONSUMER-353][国产剧]像火花像蝴蝶...新加入库，成功。
[2017-10-19 21:03:38,102] [INFO] [CONSUMER-354][国产剧]华丽一族...新加入库，成功。
[2017-10-19 21:03:38,107] [INFO] [CONSUMER-355]回家的诱惑...新增加播放组(youku) 入库成功,
[2017-10-19 21:03:38,109] [INFO] [CONSUMER-356][国产剧]我家有喜...新加入库，成功。
[2017-10-19 21:03:38,112] [INFO] [CONSUMER-357]危思禁入...新增加播放组(youku) 入库成功,
[2017-10-19 21:03:38,115] [INFO] [CONSUMER-358][科幻片]天魔异种...新加入库，成功。
[2017-10-19 21:03:38,118] [INFO] [CONSUMER-359][国产剧]一起又看流星雨...新加入库，成功。
[2017-10-19 21:03:38,118] [INFO] [CONSUMER-360][港台剧]抢杠夫妻...新加入库，成功。
[2017-10-19 21:03:38,119] [DEBUG] [PRODUCER-youku]page:18:crawling finished.
[2017-10-19 21:03:38,119] [INFO] [PRODUCER-youku]采集次数:360,新增入库:154条,新增加播放组:138条,更新播放组:0条。
[2017-10-19 21:03:38,119] [DEBUG] [PRODUCER-youku]page:19:crawling...http://api.2m.vc/caij/inc/youku.php?ac=videolist&pg=19&h=
[2017-10-19 21:03:38,460] [INFO] [CONSUMER-361][港台剧]公主嫁到  国语...新加入库，成功。
[2017-10-19 21:03:38,463] [INFO] [CONSUMER-362][国产剧]爱情公寓外传...新加入库，成功。
[2017-10-19 21:03:38,464] [INFO] [CONSUMER-363]双面玛莎...新增加播放组(youku) 入库成功,
[2017-10-19 21:03:38,467] [INFO] [CONSUMER-364][剧情片]穿孔...新加入库，成功。
[2017-10-19 21:03:38,469] [WARNING] [CONSUMER-365][日韩剧]秘密花园[韩版]...未绑定分类，跳过。
[2017-10-19 21:03:38,471] [INFO] [CONSUMER-366]你是我的兄弟...新增加播放组(youku) 入库成功,
[2017-10-19 21:03:38,474] [INFO] [CONSUMER-367][港台剧]巾帼枭雄之义海豪情  国语...新加入库，成功。
[2017-10-19 21:03:38,479] [INFO] [CONSUMER-368]迷案1937...新增加播放组(youku) 入库成功,
[2017-10-19 21:03:38,479] [WARNING] [CONSUMER-369][日韩剧]妇产科的女医生...未绑定分类，跳过。
[2017-10-19 21:03:38,482] [INFO] [CONSUMER-370][国产剧]沉默的谎言...新加入库，成功。
[2017-10-19 21:03:38,484] [INFO] [CONSUMER-371]侠隐记...新增加播放组(youku) 入库成功,
[2017-10-19 21:03:38,487] [INFO] [CONSUMER-372]青春期撞上更年期...新增加播放组(youku) 入库成功,
[2017-10-19 21:03:38,490] [INFO] [CONSUMER-373][动作片]分歧者3：忠诚世界...新加入库，成功。
[2017-10-19 21:03:38,493] [INFO] [CONSUMER-374][国产剧]大西南剿匪记...新加入库，成功。
[2017-10-19 21:03:38,496] [INFO] [CONSUMER-375][港台剧]无刺的玫瑰...新加入库，成功。
[2017-10-19 21:03:38,499] [INFO] [CONSUMER-376][国产剧]不如跳舞...新加入库，成功。
[2017-10-19 21:03:38,502] [INFO] [CONSUMER-377]回家的欲望...新增加播放组(youku) 入库成功,
[2017-10-19 21:03:38,505] [INFO] [CONSUMER-378]民国往事...新增加播放组(youku) 入库成功,
[2017-10-19 21:03:38,506] [WARNING] [CONSUMER-379][日韩剧]我的女郎Oh，My Lady...未绑定分类，跳过。
[2017-10-19 21:03:38,506] [INFO] [CONSUMER-380][国产剧]爱要有你才完美...新加入库，成功。
[2017-10-19 21:03:38,506] [DEBUG] [PRODUCER-youku]page:19:crawling finished.
[2017-10-19 21:03:38,507] [INFO] [PRODUCER-youku]采集次数:380,新增入库:164条,新增加播放组:145条,更新播放组:0条。
[2017-10-19 21:03:38,507] [DEBUG] [PRODUCER-youku]page:20:crawling...http://api.2m.vc/caij/inc/youku.php?ac=videolist&pg=20&h=
[2017-10-19 21:03:38,834] [INFO] [CONSUMER-381]雷哥老范...新增加播放组(youku) 入库成功,
[2017-10-19 21:03:38,835] [INFO] [CONSUMER-382]闪婚...新增加播放组(youku) 入库成功,
[2017-10-19 21:03:38,836] [WARNING] [CONSUMER-383][日韩剧]三姐妹...未绑定分类，跳过。
[2017-10-19 21:03:38,838] [INFO] [CONSUMER-384]保姆与保安...新增加播放组(youku) 入库成功,
[2017-10-19 21:03:38,838] [WARNING] [CONSUMER-385][爱情片]一夜风流...未绑定分类，跳过。
[2017-10-19 21:03:38,838] [WARNING] [CONSUMER-386][爱情片]天长地久...未绑定分类，跳过。
[2017-10-19 21:03:38,841] [INFO] [CONSUMER-387]老马家的幸福往事...新增加播放组(youku) 入库成功,
[2017-10-19 21:03:38,842] [INFO] [CONSUMER-388][国产剧]孔雀翎...新加入库，成功。
[2017-10-19 21:03:38,845] [INFO] [CONSUMER-389]胡杨女人...新增加播放组(youku) 入库成功,
[2017-10-19 21:03:38,846] [INFO] [CONSUMER-390]婚前协议...新增加播放组(youku) 入库成功,
[2017-10-19 21:03:38,846] [WARNING] [CONSUMER-391][日韩动漫]博人传 火影忍者新时代...未绑定分类，跳过。
[2017-10-19 21:03:38,848] [WARNING] [CONSUMER-392][日韩动漫]美妙天堂 偶像时间...未绑定分类，跳过。
[2017-10-19 21:03:38,848] [WARNING] [CONSUMER-393][综艺]圆桌派 第二季...未绑定分类，跳过。
[2017-10-19 21:03:38,848] [WARNING] [CONSUMER-394][日韩动漫]赛罗奥特曼 英雄传...未绑定分类，跳过。
[2017-10-19 21:03:38,848] [WARNING] [CONSUMER-395][日韩动漫]世界黑暗图鉴...未绑定分类，跳过。
[2017-10-19 21:03:38,848] [WARNING] [CONSUMER-396][日韩动漫]我的英雄学院 第二季...未绑定分类，跳过。
[2017-10-19 21:03:38,848] [WARNING] [CONSUMER-397][爱情片]娜希德...未绑定分类，跳过。
[2017-10-19 21:03:38,848] [WARNING] [CONSUMER-398][爱情片]疯狂寻爱记...未绑定分类，跳过。
[2017-10-19 21:03:38,848] [WARNING] [CONSUMER-399][爱情片]分手，不分手...未绑定分类，跳过。
[2017-10-19 21:03:38,849] [WARNING] [CONSUMER-400][爱情片]大学时代...未绑定分类，跳过。
[2017-10-19 21:03:38,849] [DEBUG] [PRODUCER-youku]page:20:crawling finished.
[2017-10-19 21:03:38,849] [INFO] [PRODUCER-youku]采集次数:400,新增入库:165条,新增加播放组:151条,更新播放组:0条。
[2017-10-19 21:03:38,849] [DEBUG] [PRODUCER-youku]page:21:crawling...http://api.2m.vc/caij/inc/youku.php?ac=videolist&pg=21&h=
[2017-10-19 21:03:39,188] [WARNING] [CONSUMER-401][爱情片]整容前规则...未绑定分类，跳过。
[2017-10-19 21:03:39,188] [WARNING] [CONSUMER-402][爱情片]O的故事...未绑定分类，跳过。
[2017-10-19 21:03:39,188] [WARNING] [CONSUMER-403][爱情片]看不见的女人...未绑定分类，跳过。
[2017-10-19 21:03:39,190] [WARNING] [CONSUMER-404][爱情片]张震讲故事之合租屋...未绑定分类，跳过。
[2017-10-19 21:03:39,190] [WARNING] [CONSUMER-405][爱情片]我的校花妹妹3...未绑定分类，跳过。
[2017-10-19 21:03:39,193] [INFO] [CONSUMER-406]说谎的爱人...新增加播放组(youku) 入库成功,
[2017-10-19 21:03:39,197] [INFO] [CONSUMER-407][国产剧]丝丝心动...新加入库，成功。
[2017-10-19 21:03:39,200] [INFO] [CONSUMER-408]七妹...新增加播放组(youku) 入库成功,
[2017-10-19 21:03:39,203] [INFO] [CONSUMER-409]城里城外东北人2...新增加播放组(youku) 入库成功,
[2017-10-19 21:03:39,204] [WARNING] [CONSUMER-410][日韩剧]不懂女人...未绑定分类，跳过。
[2017-10-19 21:03:39,207] [INFO] [CONSUMER-411][国产剧]刁蛮娇妻苏小妹...新加入库，成功。
[2017-10-19 21:03:39,210] [INFO] [CONSUMER-412]乱世新娘...新增加播放组(youku) 入库成功,
[2017-10-19 21:03:39,214] [INFO] [CONSUMER-413]血雨母子情...新增加播放组(youku) 入库成功,
[2017-10-19 21:03:39,219] [INFO] [CONSUMER-414]大女当嫁...新增加播放组(youku) 入库成功,
[2017-10-19 21:03:39,219] [WARNING] [CONSUMER-415][日韩剧]巨商金万德...未绑定分类，跳过。
[2017-10-19 21:03:39,221] [INFO] [CONSUMER-416][国产剧]金枝玉叶...新加入库，成功。
[2017-10-19 21:03:39,224] [INFO] [CONSUMER-417]婚姻诊断...新增加播放组(youku) 入库成功,
[2017-10-19 21:03:39,226] [INFO] [CONSUMER-418]大宅院的女人...新增加播放组(youku) 入库成功,
[2017-10-19 21:03:39,229] [INFO] [CONSUMER-419]贞观之治...新增加播放组(youku) 入库成功,
[2017-10-19 21:03:39,229] [WARNING] [CONSUMER-420][日韩剧]单亲妈妈浴火重生...未绑定分类，跳过。
[2017-10-19 21:03:39,230] [DEBUG] [PRODUCER-youku]page:21:crawling finished.
[2017-10-19 21:03:39,230] [INFO] [PRODUCER-youku]采集次数:420,新增入库:168条,新增加播放组:160条,更新播放组:0条。
[2017-10-19 21:03:39,230] [DEBUG] [PRODUCER-youku]page:22:crawling...http://api.2m.vc/caij/inc/youku.php?ac=videolist&pg=22&h=
[2017-10-19 21:03:39,678] [INFO] [CONSUMER-421][国产剧]激情燃烧的岁月3...新加入库，成功。
[2017-10-19 21:03:39,683] [INFO] [CONSUMER-422][国产剧]爸爸我怀了你的孩子...新加入库，成功。
[2017-10-19 21:03:39,686] [INFO] [CONSUMER-423]烟雨斜阳...新增加播放组(youku) 入库成功,
[2017-10-19 21:03:39,688] [INFO] [CONSUMER-424][国产剧]奠基者...新加入库，成功。
[2017-10-19 21:03:39,691] [INFO] [CONSUMER-425][国产剧]美女主播...新加入库，成功。
[2017-10-19 21:03:39,694] [INFO] [CONSUMER-426]我们还能在一起吗...新增加播放组(youku) 入库成功,
[2017-10-19 21:03:39,697] [INFO] [CONSUMER-427][国产剧]看不见的阴谋...新加入库，成功。
[2017-10-19 21:03:39,700] [INFO] [CONSUMER-428][国产剧]毛骗 第一季...新加入库，成功。
[2017-10-19 21:03:39,700] [WARNING] [CONSUMER-429][日韩剧]请摘星星给我...未绑定分类，跳过。
[2017-10-19 21:03:39,703] [INFO] [CONSUMER-430][国产剧]江湖绝恋...新加入库，成功。
[2017-10-19 21:03:39,707] [INFO] [CONSUMER-431]姐妹新娘...新增加播放组(youku) 入库成功,
[2017-10-19 21:03:39,707] [WARNING] [CONSUMER-432][日韩剧]医生冠军...未绑定分类，跳过。
[2017-10-19 21:03:39,709] [INFO] [CONSUMER-433][国产剧]如此婚姻...新加入库，成功。
[2017-10-19 21:03:39,710] [INFO] [CONSUMER-434]泪洒尘缘...新增加播放组(youku) 入库成功,
[2017-10-19 21:03:39,713] [INFO] [CONSUMER-435][国产剧]合适婚姻...新加入库，成功。
[2017-10-19 21:03:39,714] [INFO] [CONSUMER-436][国产剧]天之骄子...新加入库，成功。
[2017-10-19 21:03:39,714] [WARNING] [CONSUMER-437][日韩剧]绽放的花...未绑定分类，跳过。
[2017-10-19 21:03:39,717] [INFO] [CONSUMER-438][国产剧]为爱而生...新加入库，成功。
[2017-10-19 21:03:39,717] [WARNING] [CONSUMER-439][欧美剧]楼上楼下第一季...未绑定分类，跳过。
[2017-10-19 21:03:39,717] [WARNING] [CONSUMER-440][日韩剧]不屈的女人...未绑定分类，跳过。
[2017-10-19 21:03:39,717] [DEBUG] [PRODUCER-youku]page:22:crawling finished.
[2017-10-19 21:03:39,717] [INFO] [PRODUCER-youku]采集次数:440,新增入库:179条,新增加播放组:164条,更新播放组:0条。
[2017-10-19 21:03:39,717] [DEBUG] [PRODUCER-youku]page:23:crawling...http://api.2m.vc/caij/inc/youku.php?ac=videolist&pg=23&h=
[2017-10-19 21:03:40,023] [INFO] [CONSUMER-441]父爱如山...新增加播放组(youku) 入库成功,
[2017-10-19 21:03:40,023] [INFO] [CONSUMER-442][国产剧]月嫂...新加入库，成功。
[2017-10-19 21:03:40,026] [INFO] [CONSUMER-443][国产剧]真情错爱...新加入库，成功。
[2017-10-19 21:03:40,028] [INFO] [CONSUMER-444]哑女...新增加播放组(youku) 入库成功,
[2017-10-19 21:03:40,029] [INFO] [CONSUMER-445]中国家庭 第二部...新增加播放组(youku) 入库成功,
[2017-10-19 21:03:40,032] [INFO] [CONSUMER-446][国产剧]欢迎爱光临...新加入库，成功。
[2017-10-19 21:03:40,033] [INFO] [CONSUMER-447][国产剧]娱乐没有圈...新加入库，成功。
[2017-10-19 21:03:40,036] [INFO] [CONSUMER-448][国产剧]晚婚...新加入库，成功。
[2017-10-19 21:03:40,036] [INFO] [CONSUMER-449][国产剧]妈妈我爱你...新加入库，成功。
[2017-10-19 21:03:40,039] [INFO] [CONSUMER-450]怒海雄心...新增加播放组(youku) 入库成功,
[2017-10-19 21:03:40,039] [WARNING] [CONSUMER-451][日韩剧]球形荒野...未绑定分类，跳过。
[2017-10-19 21:03:40,040] [INFO] [CONSUMER-452][国产剧]无憾青春...新加入库，成功。
[2017-10-19 21:03:40,042] [INFO] [CONSUMER-453]一家不说两家话...新增加播放组(youku) 入库成功,
[2017-10-19 21:03:40,042] [WARNING] [CONSUMER-454][日韩剧]爱人的影子...未绑定分类，跳过。
[2017-10-19 21:03:40,043] [INFO] [CONSUMER-455][国产剧]父亲的脊梁...新加入库，成功。
[2017-10-19 21:03:40,045] [INFO] [CONSUMER-456]等到胜利那一天...新增加播放组(youku) 入库成功,
[2017-10-19 21:03:40,046] [INFO] [CONSUMER-457][国产剧]在梦中我失去了你...新加入库，成功。
[2017-10-19 21:03:40,048] [INFO] [CONSUMER-458][国产剧]真爱一生...新加入库，成功。
[2017-10-19 21:03:40,049] [INFO] [CONSUMER-459]信义 大陆版...新增加播放组(youku) 入库成功,
[2017-10-19 21:03:40,051] [INFO] [CONSUMER-460]别对我说谎...新增加播放组(youku) 入库成功,
[2017-10-19 21:03:40,051] [DEBUG] [PRODUCER-youku]page:23:crawling finished.
[2017-10-19 21:03:40,052] [INFO] [PRODUCER-youku]采集次数:460,新增入库:189条,新增加播放组:172条,更新播放组:0条。
[2017-10-19 21:03:40,052] [DEBUG] [PRODUCER-youku]page:24:crawling...http://api.2m.vc/caij/inc/youku.php?ac=videolist&pg=24&h=
[2017-10-19 21:03:40,344] [WARNING] [CONSUMER-461][综艺]读书...未绑定分类，跳过。
[2017-10-19 21:03:40,348] [INFO] [CONSUMER-462]东京生死恋...新增加播放组(youku) 入库成功,
[2017-10-19 21:03:40,348] [WARNING] [CONSUMER-463][日韩剧]初恋记录...未绑定分类，跳过。
[2017-10-19 21:03:40,351] [INFO] [CONSUMER-464]阿喜...新增加播放组(youku) 入库成功,
[2017-10-19 21:03:40,355] [INFO] [CONSUMER-465]爱上男主播...新增加播放组(youku) 入库成功,
[2017-10-19 21:03:40,357] [INFO] [CONSUMER-466]一路狂奔...新增加播放组(youku) 入库成功,
[2017-10-19 21:03:40,358] [WARNING] [CONSUMER-467][喜剧片]脏话...未绑定分类，跳过。
[2017-10-19 21:03:40,358] [WARNING] [CONSUMER-468][喜剧片]卡特彼勒的和服...未绑定分类，跳过。
[2017-10-19 21:03:40,358] [WARNING] [CONSUMER-469][爱情片]三月情流感...未绑定分类，跳过。
[2017-10-19 21:03:40,358] [WARNING] [CONSUMER-470][喜剧片]阿嬤的梦中情人...未绑定分类，跳过。
[2017-10-19 21:03:40,358] [WARNING] [CONSUMER-471][喜剧片]米娜文具店...未绑定分类，跳过。
[2017-10-19 21:03:40,361] [INFO] [CONSUMER-472]太空熊猫历险记...新增加播放组(youku) 入库成功,
[2017-10-19 21:03:40,361] [WARNING] [CONSUMER-473][电影]牛胆神偷...未绑定分类，跳过。
[2017-10-19 21:03:40,361] [WARNING] [CONSUMER-474][爱情片]宝米恰恰...未绑定分类，跳过。
[2017-10-19 21:03:40,365] [INFO] [CONSUMER-475]如果的事...新增加播放组(youku) 入库成功,
[2017-10-19 21:03:40,367] [INFO] [CONSUMER-476]沃野飘香...新增加播放组(youku) 入库成功,
[2017-10-19 21:03:40,367] [WARNING] [CONSUMER-477][日韩剧]镰仓河岸捕物控...未绑定分类，跳过。
[2017-10-19 21:03:40,369] [INFO] [CONSUMER-478]说好不分家...新增加播放组(youku) 入库成功,
[2017-10-19 21:03:40,371] [INFO] [CONSUMER-479]婚姻那些事儿...新增加播放组(youku) 入库成功,
[2017-10-19 21:03:40,372] [INFO] [CONSUMER-480][国产剧]职场菜鸟升职记...新加入库，成功。
[2017-10-19 21:03:40,374] [DEBUG] [PRODUCER-youku]page:24:crawling finished.
[2017-10-19 21:03:40,374] [INFO] [PRODUCER-youku]采集次数:480,新增入库:190条,新增加播放组:181条,更新播放组:0条。
[2017-10-19 21:03:40,374] [DEBUG] [PRODUCER-youku]page:25:crawling...http://api.2m.vc/caij/inc/youku.php?ac=videolist&pg=25&h=
[2017-10-19 21:03:40,710] [INFO] [CONSUMER-481]城北人...新增加播放组(youku) 入库成功,
[2017-10-19 21:03:40,713] [INFO] [CONSUMER-482][国产剧]骗局...新加入库，成功。
[2017-10-19 21:03:40,717] [INFO] [CONSUMER-483]新红楼梦...新增加播放组(youku) 入库成功,
[2017-10-19 21:03:40,720] [INFO] [CONSUMER-484][国产剧]公安局长 第二部...新加入库，成功。
[2017-10-19 21:03:40,720] [WARNING] [CONSUMER-485][日韩剧]原来是美男啊...未绑定分类，跳过。
[2017-10-19 21:03:40,723] [INFO] [CONSUMER-486][国产剧]隐形将军...新加入库，成功。
[2017-10-19 21:03:40,723] [WARNING] [CONSUMER-487][日韩剧]两个妻子...未绑定分类，跳过。
[2017-10-19 21:03:40,726] [INFO] [CONSUMER-488][国产剧]守着阳光守着你...新加入库，成功。
[2017-10-19 21:03:40,727] [INFO] [CONSUMER-489][国产剧]麻雀...新加入库，成功。
[2017-10-19 21:03:40,730] [INFO] [CONSUMER-490]难为女儿红...新增加播放组(youku) 入库成功,
[2017-10-19 21:03:40,732] [INFO] [CONSUMER-491]卧薪尝胆...新增加播放组(youku) 入库成功,
[2017-10-19 21:03:40,733] [INFO] [CONSUMER-492]一起来看流星雨...新增加播放组(youku) 入库成功,
[2017-10-19 21:03:40,736] [INFO] [CONSUMER-493]锁清秋...新增加播放组(youku) 入库成功,
[2017-10-19 21:03:40,736] [WARNING] [CONSUMER-494][日韩剧]你笑了...未绑定分类，跳过。
[2017-10-19 21:03:40,736] [INFO] [CONSUMER-495]平淡生活...新增加播放组(youku) 入库成功,
[2017-10-19 21:03:40,739] [INFO] [CONSUMER-496]人生几度秋凉...新增加播放组(youku) 入库成功,
[2017-10-19 21:03:40,740] [INFO] [CONSUMER-497]婆家娘家 第一部...新增加播放组(youku) 入库成功,
[2017-10-19 21:03:40,742] [INFO] [CONSUMER-498][国产剧]拜月亭...新加入库，成功。
[2017-10-19 21:03:40,743] [INFO] [CONSUMER-499][国产剧]健康快车...新加入库，成功。
[2017-10-19 21:03:40,744] [INFO] [CONSUMER-500]雨季不再来...新增加播放组(youku) 入库成功,
[2017-10-19 21:03:40,744] [DEBUG] [PRODUCER-youku]page:25:crawling finished.
[2017-10-19 21:03:40,746] [INFO] [PRODUCER-youku]采集次数:500,新增入库:197条,新增加播放组:191条,更新播放组:0条。
[2017-10-19 21:03:40,746] [DEBUG] [PRODUCER-youku]page:26:crawling...http://api.2m.vc/caij/inc/youku.php?ac=videolist&pg=26&h=
[2017-10-19 21:03:41,082] [INFO] [CONSUMER-501]最后诊断...新增加播放组(youku) 入库成功,
[2017-10-19 21:03:41,085] [INFO] [CONSUMER-502][国产剧]江山美人...新加入库，成功。
[2017-10-19 21:03:41,088] [INFO] [CONSUMER-503]硬汉...新增加播放组(youku) 入库成功,
[2017-10-19 21:03:41,092] [INFO] [CONSUMER-504]九九归一...新增加播放组(youku) 入库成功,
[2017-10-19 21:03:41,095] [INFO] [CONSUMER-505][国产剧]恶妻在身边...新加入库，成功。
[2017-10-19 21:03:41,098] [INFO] [CONSUMER-506][国产剧]快嘴李翠莲 第一部...新加入库，成功。
[2017-10-19 21:03:41,101] [INFO] [CONSUMER-507]无意背叛...新增加播放组(youku) 入库成功,
[2017-10-19 21:03:41,105] [INFO] [CONSUMER-508]白领公寓...新增加播放组(youku) 入库成功,
[2017-10-19 21:03:41,108] [INFO] [CONSUMER-509]烟花三月...新增加播放组(youku) 入库成功,
[2017-10-19 21:03:41,111] [INFO] [CONSUMER-510]海的誓言...新增加播放组(youku) 入库成功,
[2017-10-19 21:03:41,115] [INFO] [CONSUMER-511][国产剧]爱过我放了我...新加入库，成功。
[2017-10-19 21:03:41,117] [INFO] [CONSUMER-512]日出...新增加播放组(youku) 入库成功,
[2017-10-19 21:03:41,118] [INFO] [CONSUMER-513][国产剧]谍海危情...新加入库，成功。
[2017-10-19 21:03:41,121] [INFO] [CONSUMER-514]好人李成功...新增加播放组(youku) 入库成功,
[2017-10-19 21:03:41,122] [INFO] [CONSUMER-515]最高任务...新增加播放组(youku) 入库成功,
[2017-10-19 21:03:41,125] [INFO] [CONSUMER-516]野丫头...新增加播放组(youku) 入库成功,
[2017-10-19 21:03:41,125] [ERROR] [CONSUMER-517]...播放组不合法:{'flag': 'youku', 'dd': ''}
[2017-10-19 21:03:41,127] [INFO] [CONSUMER-518]二马...新增加播放组(youku) 入库成功,
[2017-10-19 21:03:41,128] [INFO] [CONSUMER-519][国产剧]我是警察...新加入库，成功。
[2017-10-19 21:03:41,131] [INFO] [CONSUMER-520]浮尘...新增加播放组(youku) 入库成功,
[2017-10-19 21:03:41,131] [DEBUG] [PRODUCER-youku]page:26:crawling finished.
[2017-10-19 21:03:41,131] [INFO] [PRODUCER-youku]采集次数:520,新增入库:203条,新增加播放组:204条,更新播放组:0条。
[2017-10-19 21:03:41,131] [DEBUG] [PRODUCER-youku]page:27:crawling...http://api.2m.vc/caij/inc/youku.php?ac=videolist&pg=27&h=
[2017-10-19 21:03:41,483] [INFO] [CONSUMER-521][国产剧]夏天的味道...新加入库，成功。
[2017-10-19 21:03:41,486] [INFO] [CONSUMER-522]生命因你而美丽...新增加播放组(youku) 入库成功,
[2017-10-19 21:03:41,489] [INFO] [CONSUMER-523][国产剧]有福...新加入库，成功。
[2017-10-19 21:03:41,492] [INFO] [CONSUMER-524][国产剧]致命邂逅...新加入库，成功。
[2017-10-19 21:03:41,496] [INFO] [CONSUMER-525][国产剧]关东情事...新加入库，成功。
[2017-10-19 21:03:41,499] [INFO] [CONSUMER-526]上海探戈...新增加播放组(youku) 入库成功,
[2017-10-19 21:03:41,502] [INFO] [CONSUMER-527]离婚进行时...新增加播放组(youku) 入库成功,
[2017-10-19 21:03:41,503] [INFO] [CONSUMER-528][国产剧]风流唐伯虎...新加入库，成功。
[2017-10-19 21:03:41,506] [INFO] [CONSUMER-529]永不放弃...新增加播放组(youku) 入库成功,
[2017-10-19 21:03:41,509] [INFO] [CONSUMER-530]女子戏班...新增加播放组(youku) 入库成功,
[2017-10-19 21:03:41,510] [INFO] [CONSUMER-531]巴黎恋歌...新增加播放组(youku) 入库成功,
[2017-10-19 21:03:41,513] [INFO] [CONSUMER-532][国产剧]青河绝恋...新加入库，成功。
[2017-10-19 21:03:41,515] [INFO] [CONSUMER-533][国产剧]红颜往事...新加入库，成功。
[2017-10-19 21:03:41,516] [INFO] [CONSUMER-534][国产剧]偏不离婚...新加入库，成功。
[2017-10-19 21:03:41,517] [INFO] [CONSUMER-535]呼啸山乡...新增加播放组(youku) 入库成功,
[2017-10-19 21:03:41,519] [INFO] [CONSUMER-536][国产剧]天子屠龙...新加入库，成功。
[2017-10-19 21:03:41,522] [INFO] [CONSUMER-537]谁可相依...新增加播放组(youku) 入库成功,
[2017-10-19 21:03:41,522] [WARNING] [CONSUMER-538][爱情片]热情...未绑定分类，跳过。
[2017-10-19 21:03:41,523] [INFO] [CONSUMER-539]昨日英雄...新增加播放组(youku) 入库成功,
[2017-10-19 21:03:41,526] [INFO] [CONSUMER-540]人生有梦...新增加播放组(youku) 入库成功,
[2017-10-19 21:03:41,526] [DEBUG] [PRODUCER-youku]page:27:crawling finished.
[2017-10-19 21:03:41,526] [INFO] [PRODUCER-youku]采集次数:540,新增入库:212条,新增加播放组:214条,更新播放组:0条。
[2017-10-19 21:03:41,526] [DEBUG] [PRODUCER-youku]page:28:crawling...http://api.2m.vc/caij/inc/youku.php?ac=videolist&pg=28&h=
[2017-10-19 21:03:41,858] [INFO] [CONSUMER-541][国产剧]广州教父...新加入库，成功。
[2017-10-19 21:03:41,861] [INFO] [CONSUMER-542]心网...新增加播放组(youku) 入库成功,
[2017-10-19 21:03:41,864] [INFO] [CONSUMER-543][国产剧]计中计状元财...新加入库，成功。
[2017-10-19 21:03:41,867] [INFO] [CONSUMER-544][国产剧]红处方...新加入库，成功。
[2017-10-19 21:03:41,868] [INFO] [CONSUMER-545][国产剧]香气迷人...新加入库，成功。
[2017-10-19 21:03:41,871] [INFO] [CONSUMER-546]霹雳彩虹...新增加播放组(youku) 入库成功,
[2017-10-19 21:03:41,875] [INFO] [CONSUMER-547][国产剧]情断上海滩...新加入库，成功。
[2017-10-19 21:03:41,877] [INFO] [CONSUMER-548][国产剧]新刀马旦...新加入库，成功。
[2017-10-19 21:03:41,878] [INFO] [CONSUMER-549][国产剧]折扇探花...新加入库，成功。
[2017-10-19 21:03:41,881] [INFO] [CONSUMER-550][国产剧]迷蝶...新加入库，成功。
[2017-10-19 21:03:41,884] [INFO] [CONSUMER-551]天地有爱...新增加播放组(youku) 入库成功,
[2017-10-19 21:03:41,888] [INFO] [CONSUMER-552]谁为我心动...新增加播放组(youku) 入库成功,
[2017-10-19 21:03:41,891] [INFO] [CONSUMER-553]爱在有情天...新增加播放组(youku) 入库成功,
[2017-10-19 21:03:41,891] [WARNING] [CONSUMER-554][爱情片]怦然心动...未绑定分类，跳过。
[2017-10-19 21:03:41,894] [INFO] [CONSUMER-555]向天真的女生投降...新增加播放组(youku) 入库成功,
[2017-10-19 21:03:41,895] [INFO] [CONSUMER-556][国产剧]十六岁的花季...新加入库，成功。
[2017-10-19 21:03:41,898] [INFO] [CONSUMER-557]双响炮...新增加播放组(youku) 入库成功,
[2017-10-19 21:03:41,900] [INFO] [CONSUMER-558]银杏飘落...新增加播放组(youku) 入库成功,
[2017-10-19 21:03:41,901] [INFO] [CONSUMER-559]真爱一世情...新增加播放组(youku) 入库成功,
[2017-10-19 21:03:41,903] [INFO] [CONSUMER-560][国产剧]孙中山...新加入库，成功。
[2017-10-19 21:03:41,903] [DEBUG] [PRODUCER-youku]page:28:crawling finished.
[2017-10-19 21:03:41,904] [INFO] [PRODUCER-youku]采集次数:560,新增入库:222条,新增加播放组:223条,更新播放组:0条。
[2017-10-19 21:03:41,904] [DEBUG] [PRODUCER-youku]page:29:crawling...http://api.2m.vc/caij/inc/youku.php?ac=videolist&pg=29&h=
[2017-10-19 21:03:42,260] [INFO] [CONSUMER-561]爱本无罪...新增加播放组(youku) 入库成功,
[2017-10-19 21:03:42,263] [INFO] [CONSUMER-562]愤怒的蝴蝶...新增加播放组(youku) 入库成功,
[2017-10-19 21:03:42,263] [WARNING] [CONSUMER-563][日韩动漫]只有神知道的世界-第二季...未绑定分类，跳过。
[2017-10-19 21:03:42,265] [INFO] [CONSUMER-564]不谈爱情...新增加播放组(youku) 入库成功,
[2017-10-19 21:03:42,267] [INFO] [CONSUMER-565]女人在家...新增加播放组(youku) 入库成功,
[2017-10-19 21:03:42,269] [INFO] [CONSUMER-566]风流才子纪晓岚...新增加播放组(youku) 入库成功,
[2017-10-19 21:03:42,270] [INFO] [CONSUMER-567]继母后妈...新增加播放组(youku) 入库成功,
[2017-10-19 21:03:42,273] [INFO] [CONSUMER-568][国产剧]牵手人生...新加入库，成功。
[2017-10-19 21:03:42,275] [INFO] [CONSUMER-569]红绒花...新增加播放组(youku) 入库成功,
[2017-10-19 21:03:42,275] [WARNING] [CONSUMER-570][爱情片]心跳...未绑定分类，跳过。
[2017-10-19 21:03:42,276] [INFO] [CONSUMER-571]第一种危机...新增加播放组(youku) 入库成功,
[2017-10-19 21:03:42,279] [INFO] [CONSUMER-572][国产剧]爱的弯道...新加入库，成功。
[2017-10-19 21:03:42,280] [INFO] [CONSUMER-573]渴望激情...新增加播放组(youku) 入库成功,
[2017-10-19 21:03:42,282] [INFO] [CONSUMER-574]深度诱惑...新增加播放组(youku) 入库成功,
[2017-10-19 21:03:42,285] [INFO] [CONSUMER-575]爱情宝典...新增加播放组(youku) 入库成功,
[2017-10-19 21:03:42,286] [INFO] [CONSUMER-576]无盐女...新增加播放组(youku) 入库成功,
[2017-10-19 21:03:42,288] [INFO] [CONSUMER-577][国产剧]亲密爱人...新加入库，成功。
[2017-10-19 21:03:42,289] [INFO] [CONSUMER-578]新星...新增加播放组(youku) 入库成功,
[2017-10-19 21:03:42,290] [INFO] [CONSUMER-579]情归何处...新增加播放组(youku) 入库成功,
[2017-10-19 21:03:42,292] [INFO] [CONSUMER-580]温柔陷阱...新增加播放组(youku) 入库成功,
[2017-10-19 21:03:42,292] [DEBUG] [PRODUCER-youku]page:29:crawling finished.
[2017-10-19 21:03:42,292] [INFO] [PRODUCER-youku]采集次数:580,新增入库:225条,新增加播放组:238条,更新播放组:0条。
[2017-10-19 21:03:42,292] [DEBUG] [PRODUCER-youku]page:30:crawling...http://api.2m.vc/caij/inc/youku.php?ac=videolist&pg=30&h=
[2017-10-19 21:03:42,608] [INFO] [CONSUMER-581][国产剧]今生今世...新加入库，成功。
[2017-10-19 21:03:42,612] [INFO] [CONSUMER-582]风华绝代...新增加播放组(youku) 入库成功,
[2017-10-19 21:03:42,615] [INFO] [CONSUMER-583]今冬不言情...新增加播放组(youku) 入库成功,
[2017-10-19 21:03:42,618] [INFO] [CONSUMER-584][国产剧]半把剪刀...新加入库，成功。
[2017-10-19 21:03:42,621] [INFO] [CONSUMER-585][国产剧]大山深处110...新加入库，成功。
[2017-10-19 21:03:42,625] [INFO] [CONSUMER-586][国产剧]缘来一家人...新加入库，成功。
[2017-10-19 21:03:42,628] [INFO] [CONSUMER-587]布尔什维克兄弟...新增加播放组(youku) 入库成功,
[2017-10-19 21:03:42,631] [INFO] [CONSUMER-588]非常接触...新增加播放组(youku) 入库成功,
[2017-10-19 21:03:42,634] [INFO] [CONSUMER-589]生命的颜色...新增加播放组(youku) 入库成功,
[2017-10-19 21:03:42,638] [INFO] [CONSUMER-590]第一次的亲密接触...新增加播放组(youku) 入库成功,
[2017-10-19 21:03:42,641] [INFO] [CONSUMER-591]明星制造...新增加播放组(youku) 入库成功,
[2017-10-19 21:03:42,642] [INFO] [CONSUMER-592][国产剧]苦藤...新加入库，成功。
[2017-10-19 21:03:42,645] [INFO] [CONSUMER-593]不能没有你...新增加播放组(youku) 入库成功,
[2017-10-19 21:03:42,648] [INFO] [CONSUMER-594]白领丽人...新增加播放组(youku) 入库成功,
[2017-10-19 21:03:42,650] [INFO] [CONSUMER-595][国产剧]江湖俏佳人...新加入库，成功。
[2017-10-19 21:03:42,651] [INFO] [CONSUMER-596]出租老外...新增加播放组(youku) 入库成功,
[2017-10-19 21:03:42,651] [WARNING] [CONSUMER-597][日韩剧]妻子的叛乱...未绑定分类，跳过。
[2017-10-19 21:03:42,654] [INFO] [CONSUMER-598][港台剧]双生姊妹...新加入库，成功。
[2017-10-19 21:03:42,655] [INFO] [CONSUMER-599][国产剧]巴哥正传...新加入库，成功。
[2017-10-19 21:03:42,657] [INFO] [CONSUMER-600]密电风云...新增加播放组(youku) 入库成功,
[2017-10-19 21:03:42,657] [DEBUG] [PRODUCER-youku]page:30:crawling finished.
[2017-10-19 21:03:42,657] [INFO] [PRODUCER-youku]采集次数:600,新增入库:233条,新增加播放组:249条,更新播放组:0条。
[2017-10-19 21:03:42,657] [DEBUG] [PRODUCER-youku]page:31:crawling...http://api.2m.vc/caij/inc/youku.php?ac=videolist&pg=31&h=
[2017-10-19 21:03:43,043] [INFO] [CONSUMER-601][国产剧]天下第一丑...新加入库，成功。
[2017-10-19 21:03:43,046] [INFO] [CONSUMER-602][港台剧]吉星报喜...新加入库，成功。
[2017-10-19 21:03:43,052] [INFO] [CONSUMER-603]为您服务...新增加播放组(youku) 入库成功,
[2017-10-19 21:03:43,055] [INFO] [CONSUMER-604][国产剧]傻儿师长...新加入库，成功。
[2017-10-19 21:03:43,059] [INFO] [CONSUMER-605]王爷到...新增加播放组(youku) 入库成功,
[2017-10-19 21:03:43,062] [INFO] [CONSUMER-606]千古风流一坛醋...新增加播放组(youku) 入库成功,
[2017-10-19 21:03:43,065] [INFO] [CONSUMER-607][国产剧]争执...新加入库，成功。
[2017-10-19 21:03:43,066] [INFO] [CONSUMER-608]家和万事兴之快乐情缘...新增加播放组(youku) 入库成功,
[2017-10-19 21:03:43,068] [INFO] [CONSUMER-609][国产剧]我中了五百万...新加入库，成功。
[2017-10-19 21:03:43,068] [WARNING] [CONSUMER-610][日韩剧]保镖向前冲...未绑定分类，跳过。
[2017-10-19 21:03:43,069] [INFO] [CONSUMER-611][国产剧]摩登家庭...新加入库，成功。
[2017-10-19 21:03:43,072] [INFO] [CONSUMER-612][港台剧]花艇小英雄...新加入库，成功。
[2017-10-19 21:03:43,072] [INFO] [CONSUMER-613][港台剧]招财进宝...新加入库，成功。
[2017-10-19 21:03:43,075] [INFO] [CONSUMER-614]百姓秀才官...新增加播放组(youku) 入库成功,
[2017-10-19 21:03:43,076] [INFO] [CONSUMER-615]老威的X计划...新增加播放组(youku) 入库成功,
[2017-10-19 21:03:43,076] [WARNING] [CONSUMER-616][日韩剧]爱的魔法使...未绑定分类，跳过。
[2017-10-19 21:03:43,078] [INFO] [CONSUMER-617][国产剧]起步停车...新加入库，成功。
[2017-10-19 21:03:43,079] [INFO] [CONSUMER-618][港台剧]夏天的童话...新加入库，成功。
[2017-10-19 21:03:43,082] [INFO] [CONSUMER-619][国产剧]一家老小向前冲...新加入库，成功。
[2017-10-19 21:03:43,084] [INFO] [CONSUMER-620][国产剧]男人四十跑出租...新加入库，成功。
[2017-10-19 21:03:43,085] [DEBUG] [PRODUCER-youku]page:31:crawling finished.
[2017-10-19 21:03:43,085] [INFO] [PRODUCER-youku]采集次数:620,新增入库:245条,新增加播放组:255条,更新播放组:0条。
[2017-10-19 21:03:43,085] [DEBUG] [PRODUCER-youku]page:32:crawling...http://api.2m.vc/caij/inc/youku.php?ac=videolist&pg=32&h=
[2017-10-19 21:03:43,694] [INFO] [CONSUMER-621]衣锦还乡...新增加播放组(youku) 入库成功,
[2017-10-19 21:03:43,696] [WARNING] [CONSUMER-622][日韩剧]曼哈顿爱情故事...未绑定分类，跳过。
[2017-10-19 21:03:43,698] [INFO] [CONSUMER-623][国产剧]都市第五季...新加入库，成功。
[2017-10-19 21:03:43,701] [INFO] [CONSUMER-624][国产剧]张灯结彩之美丽梦想...新加入库，成功。
[2017-10-19 21:03:43,704] [INFO] [CONSUMER-625]家有宝贝...新增加播放组(youku) 入库成功,
[2017-10-19 21:03:43,707] [INFO] [CONSUMER-626][国产剧]老威的X计划 第二部...新加入库，成功。
[2017-10-19 21:03:43,707] [WARNING] [CONSUMER-627][日韩剧]梦中相逢吧...未绑定分类，跳过。
[2017-10-19 21:03:43,710] [INFO] [CONSUMER-628][国产剧]男人不难嫁...新加入库，成功。
[2017-10-19 21:03:43,713] [INFO] [CONSUMER-629]老爸向前冲...新增加播放组(youku) 入库成功,
[2017-10-19 21:03:43,716] [INFO] [CONSUMER-630]征信暴情...新增加播放组(youku) 入库成功,
[2017-10-19 21:03:43,717] [WARNING] [CONSUMER-631][日韩剧]HR...未绑定分类，跳过。
[2017-10-19 21:03:43,719] [INFO] [CONSUMER-632][国产剧]网虫日记...新加入库，成功。
[2017-10-19 21:03:43,723] [INFO] [CONSUMER-633]家和万事兴之在外过年...新增加播放组(youku) 入库成功,
[2017-10-19 21:03:43,726] [INFO] [CONSUMER-634]时髦老爹...新增加播放组(youku) 入库成功,
[2017-10-19 21:03:43,726] [WARNING] [CONSUMER-635][日韩剧]好球双物语...未绑定分类，跳过。
[2017-10-19 21:03:43,727] [INFO] [CONSUMER-636]新年快乐2004...新增加播放组(youku) 入库成功,
[2017-10-19 21:03:43,730] [INFO] [CONSUMER-637]一吻上天堂...新增加播放组(youku) 入库成功,
[2017-10-19 21:03:43,732] [INFO] [CONSUMER-638]全时空接触...新增加播放组(youku) 入库成功,
[2017-10-19 21:03:43,733] [INFO] [CONSUMER-639][国产剧]热血长安 第一季...新加入库，成功。
[2017-10-19 21:03:43,734] [INFO] [CONSUMER-640][国产剧]共和国1949...新加入库，成功。
[2017-10-19 21:03:43,734] [DEBUG] [PRODUCER-youku]page:32:crawling finished.
[2017-10-19 21:03:43,734] [INFO] [PRODUCER-youku]采集次数:640,新增入库:252条,新增加播放组:264条,更新播放组:0条。
[2017-10-19 21:03:43,734] [DEBUG] [PRODUCER-youku]page:33:crawling...http://api.2m.vc/caij/inc/youku.php?ac=videolist&pg=33&h=
[2017-10-19 21:03:44,055] [WARNING] [CONSUMER-641][日韩剧]科搜研之女 第十一季...未绑定分类，跳过。
[2017-10-19 21:03:44,055] [WARNING] [CONSUMER-642][日韩剧]隔壁的草坪...未绑定分类，跳过。
[2017-10-19 21:03:44,055] [WARNING] [CONSUMER-643][欧美剧]神探夏洛克 第四季...未绑定分类，跳过。
[2017-10-19 21:03:44,055] [WARNING] [CONSUMER-644][欧美剧]瑞灵顿街惊魂...未绑定分类，跳过。
[2017-10-19 21:03:44,059] [INFO] [CONSUMER-645]追剿...新增加播放组(youku) 入库成功,
[2017-10-19 21:03:44,062] [INFO] [CONSUMER-646]不可能完成的任务...新增加播放组(youku) 入库成功,
[2017-10-19 21:03:44,065] [INFO] [CONSUMER-647][国产剧]十宗罪...新加入库，成功。
[2017-10-19 21:03:44,069] [INFO] [CONSUMER-648][港台剧]拆局专家...新加入库，成功。
[2017-10-19 21:03:44,072] [INFO] [CONSUMER-649]追击者...新增加播放组(youku) 入库成功,
[2017-10-19 21:03:44,075] [INFO] [CONSUMER-650][恐怖片]火龙军警...新加入库，成功。
[2017-10-19 21:03:44,076] [INFO] [CONSUMER-651][剧情片]银行大劫案...新加入库，成功。
[2017-10-19 21:03:44,079] [INFO] [CONSUMER-652][国产剧]明媒正娶的妻子...新加入库，成功。
[2017-10-19 21:03:44,082] [INFO] [CONSUMER-653]无名者...新增加播放组(youku) 入库成功,
[2017-10-19 21:03:44,085] [INFO] [CONSUMER-654][国产剧]藏地密码...新加入库，成功。
[2017-10-19 21:03:44,085] [WARNING] [CONSUMER-655][欧美剧]为奴十三年...未绑定分类，跳过。
[2017-10-19 21:03:44,085] [WARNING] [CONSUMER-656][欧美剧]梅格雷探案...未绑定分类，跳过。
[2017-10-19 21:03:44,085] [WARNING] [CONSUMER-657][日韩剧]警察阿姨2...未绑定分类，跳过。
[2017-10-19 21:03:44,085] [WARNING] [CONSUMER-658][日韩剧]百年的新娘...未绑定分类，跳过。
[2017-10-19 21:03:44,086] [WARNING] [CONSUMER-659][欧美剧]追凶 第二季...未绑定分类，跳过。
[2017-10-19 21:03:44,086] [ERROR] [CONSUMER-660]...播放组不合法:{'flag': 'youku', 'dd': '$65yw'}
[2017-10-19 21:03:44,086] [DEBUG] [PRODUCER-youku]page:33:crawling finished.
[2017-10-19 21:03:44,086] [INFO] [PRODUCER-youku]采集次数:660,新增入库:258条,新增加播放组:268条,更新播放组:0条。
[2017-10-19 21:03:44,086] [DEBUG] [PRODUCER-youku]page:34:crawling...http://api.2m.vc/caij/inc/youku.php?ac=videolist&pg=34&h=
[2017-10-19 21:03:44,424] [INFO] [CONSUMER-661]奇妙的时光之旅...新增加播放组(youku) 入库成功,
[2017-10-19 21:03:44,427] [INFO] [CONSUMER-662]心理罪...新增加播放组(youku) 入库成功,
[2017-10-19 21:03:44,430] [INFO] [CONSUMER-663]猜拳...新增加播放组(youku) 入库成功,
[2017-10-19 21:03:44,434] [INFO] [CONSUMER-664][国产剧]征服2：狙击...新加入库，成功。
[2017-10-19 21:03:44,437] [INFO] [CONSUMER-665]殊死七日...新增加播放组(youku) 入库成功,
[2017-10-19 21:03:44,437] [WARNING] [CONSUMER-666][欧美剧]奥德赛 第一季...未绑定分类，跳过。
[2017-10-19 21:03:44,441] [INFO] [CONSUMER-667]生死卧底...新增加播放组(youku) 入库成功,
[2017-10-19 21:03:44,441] [WARNING] [CONSUMER-668][欧美剧]千古掘密 第一季...未绑定分类，跳过。
[2017-10-19 21:03:44,443] [WARNING] [CONSUMER-669][日韩剧]隐藏身份...未绑定分类，跳过。
[2017-10-19 21:03:44,443] [WARNING] [CONSUMER-670][日韩剧]村子 阿其阿拉的秘密...未绑定分类，跳过。
[2017-10-19 21:03:44,446] [INFO] [CONSUMER-671][国产剧]江南传奇之十五贯...新加入库，成功。
[2017-10-19 21:03:44,446] [WARNING] [CONSUMER-672][欧美剧]格林 第五季...未绑定分类，跳过。
[2017-10-19 21:03:44,447] [WARNING] [CONSUMER-673][欧美剧]班克斯督查 第四季...未绑定分类，跳过。
[2017-10-19 21:03:44,447] [INFO] [CONSUMER-674]使徒行者...新增加播放组(youku) 入库成功,
[2017-10-19 21:03:44,450] [INFO] [CONSUMER-675][动作片]亡徒之蛊惑人心...新加入库，成功。
[2017-10-19 21:03:44,450] [INFO] [CONSUMER-676]一线声机...新增加播放组(youku) 入库成功,
[2017-10-19 21:03:44,453] [INFO] [CONSUMER-677][国产剧]爱情碟中谍D...新加入库，成功。
[2017-10-19 21:03:44,454] [INFO] [CONSUMER-678][港台剧]飞虎 II...新加入库，成功。
[2017-10-19 21:03:44,456] [INFO] [CONSUMER-679][国产剧]步步危机...新加入库，成功。
[2017-10-19 21:03:44,456] [WARNING] [CONSUMER-680][喜剧片]醒醒吧3...未绑定分类，跳过。
[2017-10-19 21:03:44,457] [DEBUG] [PRODUCER-youku]page:34:crawling finished.
[2017-10-19 21:03:44,457] [INFO] [PRODUCER-youku]采集次数:680,新增入库:264条,新增加播放组:275条,更新播放组:0条。
[2017-10-19 21:03:44,457] [DEBUG] [PRODUCER-youku]page:35:crawling...http://api.2m.vc/caij/inc/youku.php?ac=videolist&pg=35&h=
[2017-10-19 21:03:44,802] [WARNING] [CONSUMER-681][日韩剧]做梦的男人...未绑定分类，跳过。
[2017-10-19 21:03:44,805] [INFO] [CONSUMER-682][国产剧]午夜计程车...新加入库，成功。
[2017-10-19 21:03:44,808] [INFO] [CONSUMER-683]正阳门下...新增加播放组(youku) 入库成功,
[2017-10-19 21:03:44,812] [INFO] [CONSUMER-684]宝贝...新增加播放组(youku) 入库成功,
[2017-10-19 21:03:44,812] [WARNING] [CONSUMER-685][喜剧片]超级快递...未绑定分类，跳过。
[2017-10-19 21:03:44,812] [WARNING] [CONSUMER-686][喜剧片]绝地逃亡...未绑定分类，跳过。
[2017-10-19 21:03:44,815] [INFO] [CONSUMER-687]守护丽人...新增加播放组(youku) 入库成功,
[2017-10-19 21:03:44,815] [WARNING] [CONSUMER-688][喜剧片]王牌逗王牌...未绑定分类，跳过。
[2017-10-19 21:03:44,819] [INFO] [CONSUMER-689]你好，疯子！...新增加播放组(youku) 入库成功,
[2017-10-19 21:03:44,819] [WARNING] [CONSUMER-690][喜剧片]绝命灵石之死磕到底...未绑定分类，跳过。
[2017-10-19 21:03:44,822] [INFO] [CONSUMER-691][科幻片]阴阳先生之阴阳中间站...新加入库，成功。
[2017-10-19 21:03:44,825] [INFO] [CONSUMER-692][剧情片]驴得水...新加入库，成功。
[2017-10-19 21:03:44,826] [INFO] [CONSUMER-693]谎言背后...新增加播放组(youku) 入库成功,
[2017-10-19 21:03:44,828] [WARNING] [CONSUMER-694][喜剧片]摆渡人...未绑定分类，跳过。
[2017-10-19 21:03:44,828] [WARNING] [CONSUMER-695][喜剧片]阿拉丁与神灯...未绑定分类，跳过。
[2017-10-19 21:03:44,828] [WARNING] [CONSUMER-696][爱情片]泡王...未绑定分类，跳过。
[2017-10-19 21:03:44,828] [WARNING] [CONSUMER-697][喜剧片]从你的全世界路过...未绑定分类，跳过。
[2017-10-19 21:03:44,828] [WARNING] [CONSUMER-698][喜剧片]功夫熊猫3...未绑定分类，跳过。
[2017-10-19 21:03:44,831] [INFO] [CONSUMER-699]赏金猎人...新增加播放组(youku) 入库成功,
[2017-10-19 21:03:44,832] [WARNING] [CONSUMER-700][喜剧片]鲁滨逊漂流记 2016...未绑定分类，跳过。
[2017-10-19 21:03:44,832] [DEBUG] [PRODUCER-youku]page:35:crawling finished.
[2017-10-19 21:03:44,832] [INFO] [PRODUCER-youku]采集次数:700,新增入库:267条,新增加播放组:281条,更新播放组:0条。
[2017-10-19 21:03:44,832] [DEBUG] [PRODUCER-youku]page:36:crawling...http://api.2m.vc/caij/inc/youku.php?ac=videolist&pg=36&h=
[2017-10-19 21:03:45,165] [WARNING] [CONSUMER-701][日韩剧]钱的化身...未绑定分类，跳过。
[2017-10-19 21:03:45,167] [WARNING] [CONSUMER-702][喜剧片]新大头儿子和小头爸爸2一日成才...未绑定分类，跳过。
[2017-10-19 21:03:45,167] [WARNING] [CONSUMER-703][喜剧片]28岁未成年...未绑定分类，跳过。
[2017-10-19 21:03:45,167] [WARNING] [CONSUMER-704][喜剧片]陆垚知马俐...未绑定分类，跳过。
[2017-10-19 21:03:45,167] [WARNING] [CONSUMER-705][喜剧片]爱宠大机密...未绑定分类，跳过。
[2017-10-19 21:03:45,171] [INFO] [CONSUMER-706]我的青春期...新增加播放组(youku) 入库成功,
[2017-10-19 21:03:45,171] [WARNING] [CONSUMER-707][喜剧片]我的特工爷爷...未绑定分类，跳过。
[2017-10-19 21:03:45,171] [WARNING] [CONSUMER-708][喜剧片]龙拳小子 2016...未绑定分类，跳过。
[2017-10-19 21:03:45,171] [WARNING] [CONSUMER-709][喜剧片]笑林足球...未绑定分类，跳过。
[2017-10-19 21:03:45,171] [WARNING] [CONSUMER-710][喜剧片]夺路而逃 2016...未绑定分类，跳过。
[2017-10-19 21:03:45,171] [WARNING] [CONSUMER-711][喜剧片]果宝特攻之水果大逃亡...未绑定分类，跳过。
[2017-10-19 21:03:45,174] [INFO] [CONSUMER-712][恐怖片]僵尸大厦...新加入库，成功。
[2017-10-19 21:03:45,176] [WARNING] [CONSUMER-713][喜剧片]那件疯狂的小事叫爱情...未绑定分类，跳过。
[2017-10-19 21:03:45,176] [WARNING] [CONSUMER-714][喜剧片]高跟鞋先生...未绑定分类，跳过。
[2017-10-19 21:03:45,180] [INFO] [CONSUMER-715]带泪梨花之美丽重生...新增加播放组(youku) 入库成功,
[2017-10-19 21:03:45,180] [WARNING] [CONSUMER-716][日韩剧]红宝石戒指...未绑定分类，跳过。
[2017-10-19 21:03:45,180] [WARNING] [CONSUMER-717][喜剧片]宝贝当家...未绑定分类，跳过。
[2017-10-19 21:03:45,180] [WARNING] [CONSUMER-718][喜剧片]所以, 和黑粉结婚了...未绑定分类，跳过。
[2017-10-19 21:03:45,180] [WARNING] [CONSUMER-719][喜剧片]愤怒的小鸟 2016...未绑定分类，跳过。
[2017-10-19 21:03:45,181] [WARNING] [CONSUMER-720][爱情片]他和她的故事...未绑定分类，跳过。
[2017-10-19 21:03:45,181] [DEBUG] [PRODUCER-youku]page:36:crawling finished.
[2017-10-19 21:03:45,181] [INFO] [PRODUCER-youku]采集次数:720,新增入库:268条,新增加播放组:283条,更新播放组:0条。
[2017-10-19 21:03:45,181] [DEBUG] [PRODUCER-youku]page:37:crawling...http://api.2m.vc/caij/inc/youku.php?ac=videolist&pg=37&h=
[2017-10-19 21:03:45,509] [WARNING] [CONSUMER-721][喜剧片]北京遇上西雅图之不二情书...未绑定分类，跳过。
[2017-10-19 21:03:45,513] [INFO] [CONSUMER-722][国产剧]我的极品老妈...新加入库，成功。
[2017-10-19 21:03:45,513] [WARNING] [CONSUMER-723][喜剧片]我的新野蛮女友...未绑定分类，跳过。
[2017-10-19 21:03:45,513] [WARNING] [CONSUMER-724][爱情片]疯狂试爱2...未绑定分类，跳过。
[2017-10-19 21:03:45,513] [WARNING] [CONSUMER-725][喜剧片]洛杉矶捣蛋计划...未绑定分类，跳过。
[2017-10-19 21:03:45,516] [INFO] [CONSUMER-726][国产剧]同心兄弟...新加入库，成功。
[2017-10-19 21:03:45,517] [WARNING] [CONSUMER-727][喜剧片]我叫MT之山口山战记...未绑定分类，跳过。
[2017-10-19 21:03:45,520] [INFO] [CONSUMER-728]离婚协议...新增加播放组(youku) 入库成功,
[2017-10-19 21:03:45,523] [INFO] [CONSUMER-729]刺客学妹...新增加播放组(youku) 入库成功,
[2017-10-19 21:03:45,523] [WARNING] [CONSUMER-730][喜剧片]神勇姐妹...未绑定分类，跳过。
[2017-10-19 21:03:45,523] [WARNING] [CONSUMER-731][喜剧片]我最好朋友的婚礼 2016...未绑定分类，跳过。
[2017-10-19 21:03:45,525] [WARNING] [CONSUMER-732][喜剧片]美人鱼前传...未绑定分类，跳过。
[2017-10-19 21:03:45,525] [WARNING] [CONSUMER-733][喜剧片]刺猬小子之天生我刺...未绑定分类，跳过。
[2017-10-19 21:03:45,525] [WARNING] [CONSUMER-734][爱情片]不良星座之颜值学妹团...未绑定分类，跳过。
[2017-10-19 21:03:45,526] [WARNING] [CONSUMER-735][喜剧片]木乃伊占领大东北...未绑定分类，跳过。
[2017-10-19 21:03:45,526] [WARNING] [CONSUMER-736][喜剧片]赌圣2016...未绑定分类，跳过。
[2017-10-19 21:03:45,529] [INFO] [CONSUMER-737]伤不起的青春...新增加播放组(youku) 入库成功,
[2017-10-19 21:03:45,529] [WARNING] [CONSUMER-738][喜剧片]超能老师...未绑定分类，跳过。
[2017-10-19 21:03:45,532] [INFO] [CONSUMER-739]重案六组4...新增加播放组(youku) 入库成功,
[2017-10-19 21:03:45,536] [INFO] [CONSUMER-740]咱们相爱吧...新增加播放组(youku) 入库成功,
[2017-10-19 21:03:45,536] [DEBUG] [PRODUCER-youku]page:37:crawling finished.
[2017-10-19 21:03:45,536] [INFO] [PRODUCER-youku]采集次数:740,新增入库:270条,新增加播放组:288条,更新播放组:0条。
[2017-10-19 21:03:45,536] [DEBUG] [PRODUCER-youku]page:38:crawling...http://api.2m.vc/caij/inc/youku.php?ac=videolist&pg=38&h=
[2017-10-19 21:03:46,075] [INFO] [CONSUMER-741][战争片]胖子的穿越之旅...新加入库，成功。
[2017-10-19 21:03:46,076] [WARNING] [CONSUMER-742][喜剧片]情况不妙...未绑定分类，跳过。
[2017-10-19 21:03:46,078] [INFO] [CONSUMER-743]三打白骨精...新增加播放组(youku) 入库成功,
[2017-10-19 21:03:46,079] [WARNING] [CONSUMER-744][喜剧片]废柴特工...未绑定分类，跳过。
[2017-10-19 21:03:46,081] [WARNING] [CONSUMER-745][喜剧片]同城邂逅...未绑定分类，跳过。
[2017-10-19 21:03:46,081] [WARNING] [CONSUMER-746][喜剧片]邻家美男团...未绑定分类，跳过。
[2017-10-19 21:03:46,081] [WARNING] [CONSUMER-747][喜剧片]检察官外传...未绑定分类，跳过。
[2017-10-19 21:03:46,082] [WARNING] [CONSUMER-748][喜剧片]麦兜·饭宝奇兵...未绑定分类，跳过。
[2017-10-19 21:03:46,082] [WARNING] [CONSUMER-749][喜剧片]雀圣之脱线女神...未绑定分类，跳过。
[2017-10-19 21:03:46,084] [INFO] [CONSUMER-750]雪狼拳王...新增加播放组(youku) 入库成功,
[2017-10-19 21:03:46,085] [WARNING] [CONSUMER-751][喜剧片]死侍迷途...未绑定分类，跳过。
[2017-10-19 21:03:46,085] [WARNING] [CONSUMER-752][喜剧片]萌道猎妖记...未绑定分类，跳过。
[2017-10-19 21:03:46,085] [WARNING] [CONSUMER-753][喜剧片]太空熊猫英雄归来...未绑定分类，跳过。
[2017-10-19 21:03:46,085] [WARNING] [CONSUMER-754][喜剧片]超能敢死队...未绑定分类，跳过。
[2017-10-19 21:03:46,085] [WARNING] [CONSUMER-755][喜剧片]那些年唐伯虎追的女票...未绑定分类，跳过。
[2017-10-19 21:03:46,085] [WARNING] [CONSUMER-756][喜剧片]幸福星期天...未绑定分类，跳过。
[2017-10-19 21:03:46,086] [WARNING] [CONSUMER-757][喜剧片]天鹅公主：明日公主今日海盗...未绑定分类，跳过。
[2017-10-19 21:03:46,089] [INFO] [CONSUMER-758]蚁族的奋斗...新增加播放组(youku) 入库成功,
[2017-10-19 21:03:46,089] [WARNING] [CONSUMER-759][喜剧片]凯撒万岁...未绑定分类，跳过。
[2017-10-19 21:03:46,089] [WARNING] [CONSUMER-760][喜剧片]小明和他的小伙伴们 2016...未绑定分类，跳过。
[2017-10-19 21:03:46,091] [DEBUG] [PRODUCER-youku]page:38:crawling finished.
[2017-10-19 21:03:46,091] [INFO] [PRODUCER-youku]采集次数:760,新增入库:271条,新增加播放组:291条,更新播放组:0条。
[2017-10-19 21:03:46,091] [DEBUG] [PRODUCER-youku]page:39:crawling...http://api.2m.vc/caij/inc/youku.php?ac=videolist&pg=39&h=
[2017-10-19 21:03:46,407] [WARNING] [CONSUMER-761][喜剧片]少年师爷之大禹宝藏...未绑定分类，跳过。
[2017-10-19 21:03:46,407] [WARNING] [CONSUMER-762][电影]花招...未绑定分类，跳过。
[2017-10-19 21:03:46,408] [WARNING] [CONSUMER-763][喜剧片]僵尸鬼王...未绑定分类，跳过。
[2017-10-19 21:03:46,411] [INFO] [CONSUMER-764]蓝天花朵...新增加播放组(youku) 入库成功,
[2017-10-19 21:03:46,414] [INFO] [CONSUMER-765][国产剧]笑红颜...新加入库，成功。
[2017-10-19 21:03:46,415] [WARNING] [CONSUMER-766][喜剧片]赏金猎魔...未绑定分类，跳过。
[2017-10-19 21:03:46,418] [INFO] [CONSUMER-767]宝贝妈妈宝贝女...新增加播放组(youku) 入库成功,
[2017-10-19 21:03:46,420] [WARNING] [CONSUMER-768][喜剧片]发条城市...未绑定分类，跳过。
[2017-10-19 21:03:46,420] [WARNING] [CONSUMER-769][喜剧片]真命天子...未绑定分类，跳过。
[2017-10-19 21:03:46,423] [INFO] [CONSUMER-770]别问我是谁...新增加播放组(youku) 入库成功,
[2017-10-19 21:03:46,424] [WARNING] [CONSUMER-771][喜剧片]致我们终将到来的爱情...未绑定分类，跳过。
[2017-10-19 21:03:46,424] [WARNING] [CONSUMER-772][喜剧片]赌神2016...未绑定分类，跳过。
[2017-10-19 21:03:46,424] [WARNING] [CONSUMER-773][喜剧片]超能特务...未绑定分类，跳过。
[2017-10-19 21:03:46,424] [WARNING] [CONSUMER-774][喜剧片]邻居大战2：姐妹会崛起...未绑定分类，跳过。
[2017-10-19 21:03:46,427] [INFO] [CONSUMER-775][国产剧]爱有多深...新加入库，成功。
[2017-10-19 21:03:46,427] [WARNING] [CONSUMER-776][喜剧片]阿里巴巴：所罗门封印...未绑定分类，跳过。
[2017-10-19 21:03:46,427] [WARNING] [CONSUMER-777][爱情片]台北夜蒲团团转...未绑定分类，跳过。
[2017-10-19 21:03:46,427] [WARNING] [CONSUMER-778][喜剧片]仙侠学院...未绑定分类，跳过。
[2017-10-19 21:03:46,427] [WARNING] [CONSUMER-779][喜剧片]嘻哈西游之五指山...未绑定分类，跳过。
[2017-10-19 21:03:46,428] [WARNING] [CONSUMER-780][喜剧片]火车大劫案2016...未绑定分类，跳过。
[2017-10-19 21:03:46,428] [DEBUG] [PRODUCER-youku]page:39:crawling finished.
[2017-10-19 21:03:46,428] [INFO] [PRODUCER-youku]采集次数:780,新增入库:273条,新增加播放组:294条,更新播放组:0条。
[2017-10-19 21:03:46,428] [DEBUG] [PRODUCER-youku]page:40:crawling...http://api.2m.vc/caij/inc/youku.php?ac=videolist&pg=40&h=
[2017-10-19 21:03:46,739] [WARNING] [CONSUMER-781][喜剧片]丛林大反攻4：吓傻了...未绑定分类，跳过。
[2017-10-19 21:03:46,739] [WARNING] [CONSUMER-782][喜剧片]武林群英传...未绑定分类，跳过。
[2017-10-19 21:03:46,742] [INFO] [CONSUMER-783][国产剧]嘻哈四重奏 第4季...新加入库，成功。
[2017-10-19 21:03:46,743] [WARNING] [CONSUMER-784][喜剧片]嘻哈四重奏之成功人士...未绑定分类，跳过。
[2017-10-19 21:03:46,743] [WARNING] [CONSUMER-785][喜剧片]边境威龙...未绑定分类，跳过。
[2017-10-19 21:03:46,743] [WARNING] [CONSUMER-786][日韩剧]恋人分手...未绑定分类，跳过。
[2017-10-19 21:03:46,743] [WARNING] [CONSUMER-787][喜剧片]奔跑吧！裤衩...未绑定分类，跳过。
[2017-10-19 21:03:46,746] [INFO] [CONSUMER-788]十指连心...新增加播放组(youku) 入库成功,
[2017-10-19 21:03:46,750] [INFO] [CONSUMER-789]房战...新增加播放组(youku) 入库成功,
[2017-10-19 21:03:46,753] [INFO] [CONSUMER-790]大国医...新增加播放组(youku) 入库成功,
[2017-10-19 21:03:46,755] [WARNING] [CONSUMER-791][日韩剧]无理的李英爱 系列11...未绑定分类，跳过。
[2017-10-19 21:03:46,756] [INFO] [CONSUMER-792]激情时速...新增加播放组(youku) 入库成功,
[2017-10-19 21:03:46,756] [WARNING] [CONSUMER-793][日韩剧]无理的李英爱 系列10...未绑定分类，跳过。
[2017-10-19 21:03:46,756] [WARNING] [CONSUMER-794][喜剧片]爱上处女座...未绑定分类，跳过。
[2017-10-19 21:03:46,759] [INFO] [CONSUMER-795][动作片]食神归来2016...新加入库，成功。
[2017-10-19 21:03:46,760] [INFO] [CONSUMER-796][国产剧]长白山下我的家...新加入库，成功。
[2017-10-19 21:03:46,760] [WARNING] [CONSUMER-797][喜剧片]四圣兽之幽魂还愿师...未绑定分类，跳过。
[2017-10-19 21:03:46,760] [WARNING] [CONSUMER-798][喜剧片]我的老婆是明星...未绑定分类，跳过。
[2017-10-19 21:03:46,763] [INFO] [CONSUMER-799]迷失的情感...新增加播放组(youku) 入库成功,
[2017-10-19 21:03:46,763] [INFO] [CONSUMER-800][国产剧]我爱我车...新加入库，成功。
[2017-10-19 21:03:46,765] [DEBUG] [PRODUCER-youku]page:40:crawling finished.
[2017-10-19 21:03:46,765] [INFO] [PRODUCER-youku]采集次数:800,新增入库:277条,新增加播放组:299条,更新播放组:0条。
[2017-10-19 21:03:46,765] [DEBUG] [PRODUCER-youku]page:41:crawling...http://api.2m.vc/caij/inc/youku.php?ac=videolist&pg=41&h=
[2017-10-19 21:03:47,076] [WARNING] [CONSUMER-801][喜剧片]最爽的一天...未绑定分类，跳过。
[2017-10-19 21:03:47,076] [WARNING] [CONSUMER-802][欧美剧]皇家律师第二季...未绑定分类，跳过。
[2017-10-19 21:03:47,081] [INFO] [CONSUMER-803]爱在屋檐下...新增加播放组(youku) 入库成功,
[2017-10-19 21:03:47,081] [WARNING] [CONSUMER-804][喜剧片]五女闹京城...未绑定分类，跳过。
[2017-10-19 21:03:47,082] [WARNING] [CONSUMER-805][喜剧片]笨贼别跑...未绑定分类，跳过。
[2017-10-19 21:03:47,082] [WARNING] [CONSUMER-806][喜剧片]试睡员48小时...未绑定分类，跳过。
[2017-10-19 21:03:47,085] [INFO] [CONSUMER-807][科幻片]猪妖记...新加入库，成功。
[2017-10-19 21:03:47,085] [WARNING] [CONSUMER-808][喜剧片]颜值江湖...未绑定分类，跳过。
[2017-10-19 21:03:47,086] [INFO] [CONSUMER-809]减法人生...新增加播放组(youku) 入库成功,
[2017-10-19 21:03:47,089] [INFO] [CONSUMER-810]摩登新人类...新增加播放组(youku) 入库成功,
[2017-10-19 21:03:47,092] [INFO] [CONSUMER-811]少年黄飞鸿...新增加播放组(youku) 入库成功,
[2017-10-19 21:03:47,092] [WARNING] [CONSUMER-812][喜剧片]不作死不会死...未绑定分类，跳过。
[2017-10-19 21:03:47,095] [INFO] [CONSUMER-813]新玉观音...新增加播放组(youku) 入库成功,
[2017-10-19 21:03:47,095] [WARNING] [CONSUMER-814][喜剧片]人在驴途...未绑定分类，跳过。
[2017-10-19 21:03:47,098] [INFO] [CONSUMER-815]岛囧...新增加播放组(youku) 入库成功,
[2017-10-19 21:03:47,101] [INFO] [CONSUMER-816][剧情片]小狐仙...新加入库，成功。
[2017-10-19 21:03:47,101] [WARNING] [CONSUMER-817][喜剧片]假装看不见之电影大师...未绑定分类，跳过。
[2017-10-19 21:03:47,101] [WARNING] [CONSUMER-818][喜剧片]西游之偷梁换柱...未绑定分类，跳过。
[2017-10-19 21:03:47,101] [WARNING] [CONSUMER-819][喜剧片]网游之梦回诸仙...未绑定分类，跳过。
[2017-10-19 21:03:47,104] [INFO] [CONSUMER-820]穷孩子富孩子...新增加播放组(youku) 入库成功,
[2017-10-19 21:03:47,105] [DEBUG] [PRODUCER-youku]page:41:crawling finished.
[2017-10-19 21:03:47,105] [INFO] [PRODUCER-youku]采集次数:820,新增入库:279条,新增加播放组:306条,更新播放组:0条。
[2017-10-19 21:03:47,105] [DEBUG] [PRODUCER-youku]page:42:crawling...http://api.2m.vc/caij/inc/youku.php?ac=videolist&pg=42&h=
[2017-10-19 21:03:47,490] [INFO] [CONSUMER-821]苍穹之昴...新增加播放组(youku) 入库成功,
[2017-10-19 21:03:47,490] [WARNING] [CONSUMER-822][喜剧片]泰迪熊之玩具大战...未绑定分类，跳过。
[2017-10-19 21:03:47,490] [WARNING] [CONSUMER-823][喜剧片]限期出嫁...未绑定分类，跳过。
[2017-10-19 21:03:47,490] [WARNING] [CONSUMER-824][喜剧片]赌神驴山炮...未绑定分类，跳过。
[2017-10-19 21:03:47,492] [WARNING] [CONSUMER-825][喜剧片]渣能天团之巨能足球...未绑定分类，跳过。
[2017-10-19 21:03:47,492] [WARNING] [CONSUMER-826][喜剧片]大黑天神...未绑定分类，跳过。
[2017-10-19 21:03:47,492] [WARNING] [CONSUMER-827][日韩剧]深夜食堂 第二季...未绑定分类，跳过。
[2017-10-19 21:03:47,493] [WARNING] [CONSUMER-828][爱情片]得不到，但依然爱你...未绑定分类，跳过。
[2017-10-19 21:03:47,493] [WARNING] [CONSUMER-829][电影]面条侠...未绑定分类，跳过。
[2017-10-19 21:03:47,493] [WARNING] [CONSUMER-830][喜剧片]爱情与友谊...未绑定分类，跳过。
[2017-10-19 21:03:47,493] [WARNING] [CONSUMER-831][喜剧片]外星萝莉...未绑定分类，跳过。
[2017-10-19 21:03:47,497] [INFO] [CONSUMER-832]无影灯下...新增加播放组(youku) 入库成功,
[2017-10-19 21:03:47,500] [INFO] [CONSUMER-833][动作片]夺命街头...新加入库，成功。
[2017-10-19 21:03:47,503] [INFO] [CONSUMER-834][科幻片]超级神仙石...新加入库，成功。
[2017-10-19 21:03:47,505] [WARNING] [CONSUMER-835][喜剧片]佐州自救兄弟2...未绑定分类，跳过。
[2017-10-19 21:03:47,505] [WARNING] [CONSUMER-836][喜剧片]耍宝太君...未绑定分类，跳过。
[2017-10-19 21:03:47,506] [WARNING] [CONSUMER-837][喜剧片]二货兄弟2...未绑定分类，跳过。
[2017-10-19 21:03:47,506] [WARNING] [CONSUMER-838][伦理片]方氏家族...未绑定分类，跳过。
[2017-10-19 21:03:47,506] [WARNING] [CONSUMER-839][喜剧片]超能食神美少女...未绑定分类，跳过。
[2017-10-19 21:03:47,506] [WARNING] [CONSUMER-840][喜剧片]那天的氛围...未绑定分类，跳过。
[2017-10-19 21:03:47,506] [DEBUG] [PRODUCER-youku]page:42:crawling finished.
[2017-10-19 21:03:47,506] [INFO] [PRODUCER-youku]采集次数:840,新增入库:281条,新增加播放组:308条,更新播放组:0条。
[2017-10-19 21:03:47,506] [DEBUG] [PRODUCER-youku]page:43:crawling...http://api.2m.vc/caij/inc/youku.php?ac=videolist&pg=43&h=
[2017-10-19 21:03:47,842] [WARNING] [CONSUMER-841][电影]丧尸李志3...未绑定分类，跳过。
[2017-10-19 21:03:47,846] [INFO] [CONSUMER-842]女人如花...新增加播放组(youku) 入库成功,
[2017-10-19 21:03:47,848] [WARNING] [CONSUMER-843][电影]丧尸李志...未绑定分类，跳过。
[2017-10-19 21:03:47,848] [WARNING] [CONSUMER-844][喜剧片]谁杀了潘巾莲2白衣神探...未绑定分类，跳过。
[2017-10-19 21:03:47,851] [INFO] [CONSUMER-845][国产剧]泡芙小姐 第一季...新加入库，成功。
[2017-10-19 21:03:47,851] [WARNING] [CONSUMER-846][喜剧片]一路向南...未绑定分类，跳过。
[2017-10-19 21:03:47,851] [WARNING] [CONSUMER-847][喜剧片]失眠男女...未绑定分类，跳过。
[2017-10-19 21:03:47,852] [WARNING] [CONSUMER-848][爱情片]爱上试睡师...未绑定分类，跳过。
[2017-10-19 21:03:47,855] [INFO] [CONSUMER-849][科幻片]雷神前传...新加入库，成功。
[2017-10-19 21:03:47,858] [INFO] [CONSUMER-850][剧情片]超脱...新加入库，成功。
[2017-10-19 21:03:47,861] [INFO] [CONSUMER-851]亲密敌人...新增加播放组(youku) 入库成功,
[2017-10-19 21:03:47,864] [INFO] [CONSUMER-852][剧情片]再见了，我们的幼儿园...新加入库，成功。
[2017-10-19 21:03:47,865] [INFO] [CONSUMER-853][剧情片]不跟随...新加入库，成功。
[2017-10-19 21:03:47,868] [INFO] [CONSUMER-854][剧情片]街头日记...新加入库，成功。
[2017-10-19 21:03:47,868] [INFO] [CONSUMER-855][剧情片]聚斯金德...新加入库，成功。
[2017-10-19 21:03:47,871] [INFO] [CONSUMER-856]三八线上...新增加播放组(youku) 入库成功,
[2017-10-19 21:03:47,871] [INFO] [CONSUMER-857]心跳...新增加播放组(youku) 入库成功,
[2017-10-19 21:03:47,874] [INFO] [CONSUMER-858]委托人...新增加播放组(youku) 入库成功,
[2017-10-19 21:03:47,875] [INFO] [CONSUMER-859][剧情片]世界上最美丽的离别...新加入库，成功。
[2017-10-19 21:03:47,877] [INFO] [CONSUMER-860][剧情片]同班同学...新加入库，成功。
[2017-10-19 21:03:47,877] [DEBUG] [PRODUCER-youku]page:43:crawling finished.
[2017-10-19 21:03:47,877] [INFO] [PRODUCER-youku]采集次数:860,新增入库:290条,新增加播放组:313条,更新播放组:0条。
[2017-10-19 21:03:47,877] [DEBUG] [PRODUCER-youku]page:44:crawling...http://api.2m.vc/caij/inc/youku.php?ac=videolist&pg=44&h=
[2017-10-19 21:03:48,201] [WARNING] [CONSUMER-861][动画片]白猩猩历险记...未绑定分类，跳过。
[2017-10-19 21:03:48,204] [INFO] [CONSUMER-862][剧情片]雪花秘扇...新加入库，成功。
[2017-10-19 21:03:48,204] [WARNING] [CONSUMER-863][日韩动漫]记录的地平线 第一季...未绑定分类，跳过。
[2017-10-19 21:03:48,207] [INFO] [CONSUMER-864]我的黑色小礼服...新增加播放组(youku) 入库成功,
[2017-10-19 21:03:48,210] [INFO] [CONSUMER-865][剧情片]蔚蓝深海...新加入库，成功。
[2017-10-19 21:03:48,213] [INFO] [CONSUMER-866]第八日的蝉...新增加播放组(youku) 入库成功,
[2017-10-19 21:03:48,217] [INFO] [CONSUMER-867]四世同堂...新增加播放组(youku) 入库成功,
[2017-10-19 21:03:48,219] [INFO] [CONSUMER-868][剧情片]新地岛...新加入库，成功。
[2017-10-19 21:03:48,220] [WARNING] [CONSUMER-869][爱情片]山茶花...未绑定分类，跳过。
[2017-10-19 21:03:48,221] [INFO] [CONSUMER-870][剧情片]汉娜[原声]...新加入库，成功。
[2017-10-19 21:03:48,223] [WARNING] [CONSUMER-871][爱情片]我们约会吧...未绑定分类，跳过。
[2017-10-19 21:03:48,223] [WARNING] [CONSUMER-872][爱情片]隐婚男女...未绑定分类，跳过。
[2017-10-19 21:03:48,226] [INFO] [CONSUMER-873]湖上的斗争...新增加播放组(youku) 入库成功,
[2017-10-19 21:03:48,226] [INFO] [CONSUMER-874][剧情片]被爱的人...新加入库，成功。
[2017-10-19 21:03:48,226] [WARNING] [CONSUMER-875][爱情片]家庭作业...未绑定分类，跳过。
[2017-10-19 21:03:48,229] [INFO] [CONSUMER-876][剧情片]往复惊魂...新加入库，成功。
[2017-10-19 21:03:48,230] [INFO] [CONSUMER-877][剧情片]蓝闺...新加入库，成功。
[2017-10-19 21:03:48,232] [INFO] [CONSUMER-878]我家买了动物园...新增加播放组(youku) 入库成功,
[2017-10-19 21:03:48,233] [INFO] [CONSUMER-879][剧情片]白鲸...新加入库，成功。
[2017-10-19 21:03:48,234] [INFO] [CONSUMER-880][剧情片]床伴逐个数...新加入库，成功。
[2017-10-19 21:03:48,234] [DEBUG] [PRODUCER-youku]page:44:crawling finished.
[2017-10-19 21:03:48,234] [INFO] [PRODUCER-youku]采集次数:880,新增入库:299条,新增加播放组:318条,更新播放组:0条。
[2017-10-19 21:03:48,234] [DEBUG] [PRODUCER-youku]page:45:crawling...http://api.2m.vc/caij/inc/youku.php?ac=videolist&pg=45&h=
[2017-10-19 21:03:48,555] [WARNING] [CONSUMER-881][动画片]过猴山...未绑定分类，跳过。
[2017-10-19 21:03:48,559] [INFO] [CONSUMER-882][动作片]罪孽...新加入库，成功。
[2017-10-19 21:03:48,562] [INFO] [CONSUMER-883]假小子...新增加播放组(youku) 入库成功,
[2017-10-19 21:03:48,565] [INFO] [CONSUMER-884][剧情片]英雄喋血...新加入库，成功。
[2017-10-19 21:03:48,566] [INFO] [CONSUMER-885]假如没有你...新增加播放组(youku) 入库成功,
[2017-10-19 21:03:48,568] [WARNING] [CONSUMER-886][动画片]巨熊...未绑定分类，跳过。
[2017-10-19 21:03:48,571] [INFO] [CONSUMER-887][剧情片]致胜一击...新加入库，成功。
[2017-10-19 21:03:48,573] [INFO] [CONSUMER-888]大象的眼泪...新增加播放组(youku) 入库成功,
[2017-10-19 21:03:48,578] [INFO] [CONSUMER-889]表...新增加播放组(youku) 入库成功,
[2017-10-19 21:03:48,581] [INFO] [CONSUMER-890]柯山红日...新增加播放组(youku) 入库成功,
[2017-10-19 21:03:48,582] [INFO] [CONSUMER-891][科幻片]忧郁症...新加入库，成功。
[2017-10-19 21:03:48,585] [INFO] [CONSUMER-892][剧情片]星守之犬...新加入库，成功。
[2017-10-19 21:03:48,586] [INFO] [CONSUMER-893][剧情片]风暴之眼...新加入库，成功。
[2017-10-19 21:03:48,588] [INFO] [CONSUMER-894]嘉陵江边...新增加播放组(youku) 入库成功,
[2017-10-19 21:03:48,589] [INFO] [CONSUMER-895][剧情片]越界迷踪...新加入库，成功。
[2017-10-19 21:03:48,591] [INFO] [CONSUMER-896][剧情片]武蔵野夫人...新加入库，成功。
[2017-10-19 21:03:48,592] [INFO] [CONSUMER-897][剧情片]飞天...新加入库，成功。
[2017-10-19 21:03:48,592] [WARNING] [CONSUMER-898][电影]黑客悲情...未绑定分类，跳过。
[2017-10-19 21:03:48,592] [WARNING] [CONSUMER-899][电影]里瓦万岁...未绑定分类，跳过。
[2017-10-19 21:03:48,592] [WARNING] [CONSUMER-900][动画片]洪吉童2084...未绑定分类，跳过。
[2017-10-19 21:03:48,592] [DEBUG] [PRODUCER-youku]page:45:crawling finished.
[2017-10-19 21:03:48,592] [INFO] [PRODUCER-youku]采集次数:900,新增入库:308条,新增加播放组:324条,更新播放组:0条。
[2017-10-19 21:03:48,594] [DEBUG] [PRODUCER-youku]page:46:crawling...http://api.2m.vc/caij/inc/youku.php?ac=videolist&pg=46&h=
[2017-10-19 21:03:48,913] [INFO] [CONSUMER-901]生命之树...新增加播放组(youku) 入库成功,
[2017-10-19 21:03:48,914] [INFO] [CONSUMER-902][剧情片]孔舞者...新加入库，成功。
[2017-10-19 21:03:48,917] [INFO] [CONSUMER-903]夏天的故事...新增加播放组(youku) 入库成功,
[2017-10-19 21:03:48,918] [INFO] [CONSUMER-904][剧情片]奥蒂莫，保佑我...新加入库，成功。
[2017-10-19 21:03:48,918] [WARNING] [CONSUMER-905][电影]公民黑帮...未绑定分类，跳过。
[2017-10-19 21:03:48,921] [INFO] [CONSUMER-906]渡江探险...新增加播放组(youku) 入库成功,
[2017-10-19 21:03:48,923] [INFO] [CONSUMER-907][剧情片]姐妹花...新加入库，成功。
[2017-10-19 21:03:48,924] [INFO] [CONSUMER-908]寻求庇护...新增加播放组(youku) 入库成功,
[2017-10-19 21:03:48,924] [WARNING] [CONSUMER-909][日韩动漫]机动战士敢达00...未绑定分类，跳过。
[2017-10-19 21:03:48,926] [ERROR] [CONSUMER-910]...播放组不合法:{'flag': 'youku', 'dd': ''}
[2017-10-19 21:03:48,927] [INFO] [CONSUMER-911][剧情片]热力四射2...新加入库，成功。
[2017-10-19 21:03:48,930] [INFO] [CONSUMER-912]一贯害人道...新增加播放组(youku) 入库成功,
[2017-10-19 21:03:48,931] [INFO] [CONSUMER-913]玛格丽特...新增加播放组(youku) 入库成功,
[2017-10-19 21:03:48,934] [INFO] [CONSUMER-914][剧情片]快乐人生...新加入库，成功。
[2017-10-19 21:03:48,934] [WARNING] [CONSUMER-915][日韩动漫]有你的小镇...未绑定分类，跳过。
[2017-10-19 21:03:48,937] [INFO] [CONSUMER-916][科幻片]雪球世界...新加入库，成功。
[2017-10-19 21:03:48,938] [INFO] [CONSUMER-917][剧情片]闯堂兔之宠爱大作战...新加入库，成功。
[2017-10-19 21:03:48,940] [WARNING] [CONSUMER-918][爱情片]劫后英雄传...未绑定分类，跳过。
[2017-10-19 21:03:48,940] [WARNING] [CONSUMER-919][日韩动漫]悠哉日常大王 第一季...未绑定分类，跳过。
[2017-10-19 21:03:48,941] [INFO] [CONSUMER-920][剧情片]赢家...新加入库，成功。
[2017-10-19 21:03:48,941] [DEBUG] [PRODUCER-youku]page:46:crawling finished.
[2017-10-19 21:03:48,941] [INFO] [PRODUCER-youku]采集次数:920,新增入库:316条,新增加播放组:330条,更新播放组:0条。
[2017-10-19 21:03:48,943] [DEBUG] [PRODUCER-youku]page:47:crawling...http://api.2m.vc/caij/inc/youku.php?ac=videolist&pg=47&h=
[2017-10-19 21:03:49,272] [INFO] [CONSUMER-921]方珍珠...新增加播放组(youku) 入库成功,
[2017-10-19 21:03:49,273] [INFO] [CONSUMER-922][剧情片]完美游戏...新加入库，成功。
[2017-10-19 21:03:49,273] [INFO] [CONSUMER-923][剧情片]朝思墓想...新加入库，成功。
[2017-10-19 21:03:49,275] [INFO] [CONSUMER-924][剧情片]雷霆队长与圣杯...新加入库，成功。
[2017-10-19 21:03:49,276] [INFO] [CONSUMER-925][剧情片]梅子鸡之味...新加入库，成功。
[2017-10-19 21:03:49,278] [INFO] [CONSUMER-926][剧情片]黑荆棘...新加入库，成功。
[2017-10-19 21:03:49,279] [INFO] [CONSUMER-927][剧情片]鸡先生...新加入库，成功。
[2017-10-19 21:03:49,280] [INFO] [CONSUMER-928][剧情片]开心又一天...新加入库，成功。
[2017-10-19 21:03:49,280] [WARNING] [CONSUMER-929][日韩动漫]精灵宝可梦 神速的盖诺赛克特 超梦觉醒...未绑定分类，跳过。
[2017-10-19 21:03:49,280] [WARNING] [CONSUMER-930][电影]跳楼男...未绑定分类，跳过。
[2017-10-19 21:03:49,282] [INFO] [CONSUMER-931]花神咖啡馆...新增加播放组(youku) 入库成功,
[2017-10-19 21:03:49,283] [INFO] [CONSUMER-932][剧情片]西单女孩...新加入库，成功。
[2017-10-19 21:03:49,285] [INFO] [CONSUMER-933][剧情片]斗魂...新加入库，成功。
[2017-10-19 21:03:49,286] [INFO] [CONSUMER-934]马兰花...新增加播放组(youku) 入库成功,
[2017-10-19 21:03:49,286] [INFO] [CONSUMER-935]冒牌教练...新增加播放组(youku) 入库成功,
[2017-10-19 21:03:49,288] [WARNING] [CONSUMER-936][电影]月亮歌女...未绑定分类，跳过。
[2017-10-19 21:03:49,289] [INFO] [CONSUMER-937][剧情片]城南往事...新加入库，成功。
[2017-10-19 21:03:49,289] [INFO] [CONSUMER-938][剧情片]巫山日记...新加入库，成功。
[2017-10-19 21:03:49,292] [INFO] [CONSUMER-939][剧情片]北角...新加入库，成功。
[2017-10-19 21:03:49,292] [INFO] [CONSUMER-940]棒球之爱...新增加播放组(youku) 入库成功,
[2017-10-19 21:03:49,292] [DEBUG] [PRODUCER-youku]page:47:crawling finished.
[2017-10-19 21:03:49,293] [INFO] [PRODUCER-youku]采集次数:940,新增入库:328条,新增加播放组:335条,更新播放组:0条。
[2017-10-19 21:03:49,293] [DEBUG] [PRODUCER-youku]page:48:crawling...http://api.2m.vc/caij/inc/youku.php?ac=videolist&pg=48&h=
[2017-10-19 21:03:49,625] [INFO] [CONSUMER-941][剧情片]精灵马与公主...新加入库，成功。
[2017-10-19 21:03:49,628] [INFO] [CONSUMER-942][剧情片]手铐情人...新加入库，成功。
[2017-10-19 21:03:49,631] [INFO] [CONSUMER-943][剧情片]酱肘子...新加入库，成功。
[2017-10-19 21:03:49,632] [INFO] [CONSUMER-944][剧情片]23：11...新加入库，成功。
[2017-10-19 21:03:49,634] [WARNING] [CONSUMER-945][日韩动漫]摩尔庄园 第二季...未绑定分类，跳过。
[2017-10-19 21:03:49,634] [WARNING] [CONSUMER-946][爱情片]夏日时光 大陆版...未绑定分类，跳过。
[2017-10-19 21:03:49,637] [INFO] [CONSUMER-947]荆棘...新增加播放组(youku) 入库成功,
[2017-10-19 21:03:49,640] [INFO] [CONSUMER-948][剧情片]快递之王...新加入库，成功。
[2017-10-19 21:03:49,640] [WARNING] [CONSUMER-949][电影]好邻居...未绑定分类，跳过。
[2017-10-19 21:03:49,641] [INFO] [CONSUMER-950][剧情片]两代人...新加入库，成功。
[2017-10-19 21:03:49,642] [WARNING] [CONSUMER-951][日韩动漫]天才麻将少女全国篇...未绑定分类，跳过。
[2017-10-19 21:03:49,644] [INFO] [CONSUMER-952]六楼的女人...新增加播放组(youku) 入库成功,
[2017-10-19 21:03:49,648] [INFO] [CONSUMER-953][剧情片]寻找鲸鱼的自行车...新加入库，成功。
[2017-10-19 21:03:49,651] [INFO] [CONSUMER-954][剧情片]黑帮少年...新加入库，成功。
[2017-10-19 21:03:49,653] [INFO] [CONSUMER-955]姐妹情殇...新增加播放组(youku) 入库成功,
[2017-10-19 21:03:49,655] [INFO] [CONSUMER-956][剧情片]迦南[双城悲歌]...新加入库，成功。
[2017-10-19 21:03:49,655] [WARNING] [CONSUMER-957][日韩动漫]gdgd妖精s 第二季...未绑定分类，跳过。
[2017-10-19 21:03:49,658] [INFO] [CONSUMER-958][剧情片]你好吗我很好...新加入库，成功。
[2017-10-19 21:03:49,661] [INFO] [CONSUMER-959][剧情片]北村方向...新加入库，成功。
[2017-10-19 21:03:49,664] [INFO] [CONSUMER-960][剧情片]动机...新加入库，成功。
[2017-10-19 21:03:49,664] [DEBUG] [PRODUCER-youku]page:48:crawling finished.
[2017-10-19 21:03:49,664] [INFO] [PRODUCER-youku]采集次数:960,新增入库:340条,新增加播放组:338条,更新播放组:0条。
[2017-10-19 21:03:49,664] [DEBUG] [PRODUCER-youku]page:49:crawling...http://api.2m.vc/caij/inc/youku.php?ac=videolist&pg=49&h=
[2017-10-19 21:03:49,990] [INFO] [CONSUMER-961][剧情片]搭车...新加入库，成功。
[2017-10-19 21:03:49,993] [INFO] [CONSUMER-962]七月雨荷...新增加播放组(youku) 入库成功,
[2017-10-19 21:03:49,996] [INFO] [CONSUMER-963]为了孩子们...新增加播放组(youku) 入库成功,
[2017-10-19 21:03:49,999] [INFO] [CONSUMER-964][剧情片]罗琳的故事...新加入库，成功。
[2017-10-19 21:03:49,999] [WARNING] [CONSUMER-965][日韩动漫]命运石之门：负荷领域的既视感...未绑定分类，跳过。
[2017-10-19 21:03:50,002] [INFO] [CONSUMER-966]战略特勤组...新增加播放组(youku) 入库成功,
[2017-10-19 21:03:50,002] [WARNING] [CONSUMER-967][日韩动漫]上课小动作...未绑定分类，跳过。
[2017-10-19 21:03:50,005] [INFO] [CONSUMER-968][剧情片]绑架狂想曲...新加入库，成功。
[2017-10-19 21:03:50,006] [INFO] [CONSUMER-969]最后一站...新增加播放组(youku) 入库成功,
[2017-10-19 21:03:50,010] [INFO] [CONSUMER-970][剧情片]终极斗士3：赎罪...新加入库，成功。
[2017-10-19 21:03:50,013] [INFO] [CONSUMER-971]唐山大地震...新增加播放组(youku) 入库成功,
[2017-10-19 21:03:50,013] [WARNING] [CONSUMER-972][爱情片]谍海风云...未绑定分类，跳过。
[2017-10-19 21:03:50,013] [WARNING] [CONSUMER-973][爱情片]失控...未绑定分类，跳过。
[2017-10-19 21:03:50,015] [WARNING] [CONSUMER-974][电影]城中大盗...未绑定分类，跳过。
[2017-10-19 21:03:50,016] [INFO] [CONSUMER-975][剧情片]克隆丈夫...新加入库，成功。
[2017-10-19 21:03:50,016] [WARNING] [CONSUMER-976][伦理片]大酱...未绑定分类，跳过。
[2017-10-19 21:03:50,017] [WARNING] [CONSUMER-977][爱情片]72家租客...未绑定分类，跳过。
[2017-10-19 21:03:50,017] [WARNING] [CONSUMER-978][电影]孔子...未绑定分类，跳过。
[2017-10-19 21:03:50,020] [INFO] [CONSUMER-979]母与子...新增加播放组(youku) 入库成功,
[2017-10-19 21:03:50,023] [INFO] [CONSUMER-980]巫师镇...新增加播放组(youku) 入库成功,
[2017-10-19 21:03:50,023] [DEBUG] [PRODUCER-youku]page:49:crawling finished.
[2017-10-19 21:03:50,023] [INFO] [PRODUCER-youku]采集次数:980,新增入库:345条,新增加播放组:345条,更新播放组:0条。
[2017-10-19 21:03:50,023] [DEBUG] [PRODUCER-youku]page:50:crawling...http://api.2m.vc/caij/inc/youku.php?ac=videolist&pg=50&h=
[2017-10-19 21:03:50,315] [INFO] [CONSUMER-981]和声...新增加播放组(youku) 入库成功,
[2017-10-19 21:03:50,319] [INFO] [CONSUMER-982]我们来自未来2...新增加播放组(youku) 入库成功,
[2017-10-19 21:03:50,319] [WARNING] [CONSUMER-983][电影]男孩别哭...未绑定分类，跳过。
[2017-10-19 21:03:50,322] [INFO] [CONSUMER-984][剧情片]花痕...新加入库，成功。
[2017-10-19 21:03:50,322] [WARNING] [CONSUMER-985][爱情片]再吻我一次...未绑定分类，跳过。
[2017-10-19 21:03:50,325] [INFO] [CONSUMER-986][动作片]旷野追踪...新加入库，成功。
[2017-10-19 21:03:50,326] [INFO] [CONSUMER-987][剧情片]阿拉洛什谜团...新加入库，成功。
[2017-10-19 21:03:50,326] [WARNING] [CONSUMER-988][电影]潜水艇...未绑定分类，跳过。
[2017-10-19 21:03:50,328] [INFO] [CONSUMER-989]日照重庆...新增加播放组(youku) 入库成功,
[2017-10-19 21:03:50,328] [WARNING] [CONSUMER-990][电影]国王的演讲...未绑定分类，跳过。
[2017-10-19 21:03:50,328] [WARNING] [CONSUMER-991][电影]拳外重生...未绑定分类，跳过。
[2017-10-19 21:03:50,329] [INFO] [CONSUMER-992]停留...新增加播放组(youku) 入库成功,
[2017-10-19 21:03:50,331] [INFO] [CONSUMER-993]迷城...新增加播放组(youku) 入库成功,
[2017-10-19 21:03:50,332] [INFO] [CONSUMER-994][剧情片]戏剧...新加入库，成功。
[2017-10-19 21:03:50,334] [INFO] [CONSUMER-995][剧情片]再见，总有一天...新加入库，成功。
[2017-10-19 21:03:50,334] [WARNING] [CONSUMER-996][爱情片]恋人絮语...未绑定分类，跳过。
[2017-10-19 21:03:50,334] [WARNING] [CONSUMER-997][爱情片]一路有你...未绑定分类，跳过。
[2017-10-19 21:03:50,334] [WARNING] [CONSUMER-998][电影]苔藓...未绑定分类，跳过。
[2017-10-19 21:03:50,334] [WARNING] [CONSUMER-999][爱情片]如梦...未绑定分类，跳过。
[2017-10-19 21:03:50,335] [WARNING] [CONSUMER-1000][爱情片]穿梭少女梦...未绑定分类，跳过。
[2017-10-19 21:03:50,335] [DEBUG] [PRODUCER-youku]page:50:crawling finished.
[2017-10-19 21:03:50,335] [INFO] [PRODUCER-youku]采集次数:1000,新增入库:350条,新增加播放组:350条,更新播放组:0条。
